TpTrace Verbose: 0 : 40012, 1, 2024/05/16, 17:46:34.400, 1376539312343, vstest.console.dll, Version: 17.9.0-release-24072-02 Current process architecture: X64
TpTrace Verbose: 0 : 40012, 1, 2024/05/16, 17:46:34.402, 1376539333100, vstest.console.dll, Runtime location: C:\Program Files\dotnet\shared\Microsoft.NETCore.App\8.0.3
TpTrace Verbose: 0 : 40012, 1, 2024/05/16, 17:46:34.404, 1376539355173, vstest.console.dll, ArtifactProcessingPostProcessModeProcessorExecutor.Initialize: ArtifactProcessingMode.Collect
TpTrace Verbose: 0 : 40012, 1, 2024/05/16, 17:46:34.404, 1376539356260, vstest.console.dll, TestSessionCorrelationIdProcessorModeProcessorExecutor.Initialize: TestSessionCorrelationId '41464_eb96f82b-7732-480a-8ad3-bc05029085db'
TpTrace Information: 0 : 40012, 1, 2024/05/16, 17:46:34.410, 1376539415761, vstest.console.dll, FilePatternParser: The given file C:\Users\melin\source\repos\UsingXUnitTest\bin\Debug\net8.0\fine-code-coverage\build-output\UsingXUnitTest.dll is a full path.
TpTrace Verbose: 0 : 40012, 1, 2024/05/16, 17:46:34.414, 1376539451760, vstest.console.dll, TestPluginCache.DiscoverTestExtensions: finding test extensions in assemblies ends with: RuntimeProvider.dll TPluginInfo: Microsoft.VisualStudio.TestPlatform.Common.ExtensionFramework.Utilities.TestRuntimePluginInformation TExtension: Microsoft.VisualStudio.TestPlatform.ObjectModel.Host.ITestRuntimeProvider
TpTrace Verbose: 0 : 40012, 1, 2024/05/16, 17:46:34.415, 1376539460832, vstest.console.dll, TestPluginCache.GetExtensionPaths: Filtered extension paths: 
TpTrace Verbose: 0 : 40012, 1, 2024/05/16, 17:46:34.415, 1376539461587, vstest.console.dll, TestPluginCache.GetExtensionPaths: Added default extension paths: C:\Program Files\dotnet\sdk\8.0.202\Extensions\Microsoft.Diagnostics.NETCore.Client.dll
C:\Program Files\dotnet\sdk\8.0.202\Extensions\Microsoft.TestPlatform.Extensions.BlameDataCollector.dll
C:\Program Files\dotnet\sdk\8.0.202\Extensions\Microsoft.TestPlatform.Extensions.EventLogCollector.dll
C:\Program Files\dotnet\sdk\8.0.202\Extensions\Microsoft.TestPlatform.TestHostRuntimeProvider.dll
C:\Program Files\dotnet\sdk\8.0.202\Extensions\Microsoft.VisualStudio.TestPlatform.Extensions.Html.TestLogger.dll
C:\Program Files\dotnet\sdk\8.0.202\Extensions\Microsoft.VisualStudio.TestPlatform.Extensions.Trx.TestLogger.dll
TpTrace Verbose: 0 : 40012, 1, 2024/05/16, 17:46:34.415, 1376539461753, vstest.console.dll, TestPluginCache.GetExtensionPaths: Added unfilterableExtensionPaths: 
TpTrace Information: 0 : 40012, 1, 2024/05/16, 17:46:34.415, 1376539465297, vstest.console.dll, AssemblyResolver.ctor: Creating AssemblyResolver with searchDirectories C:\Program Files\dotnet\sdk\8.0.202\Extensions,C:\Program Files\dotnet\sdk\8.0.202
TpTrace Verbose: 0 : 40012, 1, 2024/05/16, 17:46:34.416, 1376539471530, vstest.console.dll, TestPluginCache.DiscoverTestExtensions: Discovering the extensions using extension path.
TpTrace Verbose: 0 : 40012, 1, 2024/05/16, 17:46:34.416, 1376539472393, vstest.console.dll, TestPluginCache.GetExtensionPaths: Filtered extension paths: 
TpTrace Verbose: 0 : 40012, 1, 2024/05/16, 17:46:34.416, 1376539472604, vstest.console.dll, TestPluginCache.GetExtensionPaths: Added default extension paths: C:\Program Files\dotnet\sdk\8.0.202\Extensions\Microsoft.Diagnostics.NETCore.Client.dll
C:\Program Files\dotnet\sdk\8.0.202\Extensions\Microsoft.TestPlatform.Extensions.BlameDataCollector.dll
C:\Program Files\dotnet\sdk\8.0.202\Extensions\Microsoft.TestPlatform.Extensions.EventLogCollector.dll
C:\Program Files\dotnet\sdk\8.0.202\Extensions\Microsoft.TestPlatform.TestHostRuntimeProvider.dll
C:\Program Files\dotnet\sdk\8.0.202\Extensions\Microsoft.VisualStudio.TestPlatform.Extensions.Html.TestLogger.dll
C:\Program Files\dotnet\sdk\8.0.202\Extensions\Microsoft.VisualStudio.TestPlatform.Extensions.Trx.TestLogger.dll
TpTrace Verbose: 0 : 40012, 1, 2024/05/16, 17:46:34.416, 1376539472776, vstest.console.dll, TestPluginCache.GetExtensionPaths: Added unfilterableExtensionPaths: 
TpTrace Verbose: 0 : 40012, 1, 2024/05/16, 17:46:34.416, 1376539473505, vstest.console.dll, TestPluginCache.DiscoverTestExtensions: Discovering the extensions using allExtensionPaths: C:\Program Files\dotnet\sdk\8.0.202\Extensions\Microsoft.Diagnostics.NETCore.Client.dll
C:\Program Files\dotnet\sdk\8.0.202\Extensions\Microsoft.TestPlatform.Extensions.BlameDataCollector.dll
C:\Program Files\dotnet\sdk\8.0.202\Extensions\Microsoft.TestPlatform.Extensions.EventLogCollector.dll
C:\Program Files\dotnet\sdk\8.0.202\Extensions\Microsoft.TestPlatform.TestHostRuntimeProvider.dll
C:\Program Files\dotnet\sdk\8.0.202\Extensions\Microsoft.VisualStudio.TestPlatform.Extensions.Html.TestLogger.dll
C:\Program Files\dotnet\sdk\8.0.202\Extensions\Microsoft.VisualStudio.TestPlatform.Extensions.Trx.TestLogger.dll
TpTrace Information: 0 : 40012, 1, 2024/05/16, 17:46:34.416, 1376539474570, vstest.console.dll, AssemblyResolver.AddSearchDirectories: Adding more searchDirectories C:\Program Files\dotnet\sdk\8.0.202\Extensions,C:\Program Files\dotnet\sdk\8.0.202
TpTrace Information: 0 : 40012, 1, 2024/05/16, 17:46:34.416, 1376539474847, vstest.console.dll, AssemblyResolver.AddSearchDirectories: Adding more searchDirectories C:\Program Files\dotnet\sdk\8.0.202\Extensions,C:\Program Files\dotnet\sdk\8.0.202
TpTrace Information: 0 : 40012, 1, 2024/05/16, 17:46:34.416, 1376539475009, vstest.console.dll, AssemblyResolver.AddSearchDirectories: Adding more searchDirectories C:\Program Files\dotnet\sdk\8.0.202\Extensions,C:\Program Files\dotnet\sdk\8.0.202
TpTrace Information: 0 : 40012, 1, 2024/05/16, 17:46:34.416, 1376539475137, vstest.console.dll, AssemblyResolver.AddSearchDirectories: Adding more searchDirectories C:\Program Files\dotnet\sdk\8.0.202\Extensions,C:\Program Files\dotnet\sdk\8.0.202
TpTrace Information: 0 : 40012, 1, 2024/05/16, 17:46:34.416, 1376539475263, vstest.console.dll, AssemblyResolver.AddSearchDirectories: Adding more searchDirectories C:\Program Files\dotnet\sdk\8.0.202\Extensions,C:\Program Files\dotnet\sdk\8.0.202
TpTrace Information: 0 : 40012, 1, 2024/05/16, 17:46:34.416, 1376539475388, vstest.console.dll, AssemblyResolver.AddSearchDirectories: Adding more searchDirectories C:\Program Files\dotnet\sdk\8.0.202\Extensions,C:\Program Files\dotnet\sdk\8.0.202
TpTrace Information: 0 : 40012, 1, 2024/05/16, 17:46:34.417, 1376539477530, vstest.console.dll, AssemblyResolver.OnResolve: Microsoft.Diagnostics.NETCore.Client: Resolving assembly.
TpTrace Information: 0 : 40012, 1, 2024/05/16, 17:46:34.417, 1376539478049, vstest.console.dll, AssemblyResolver.OnResolve: Microsoft.Diagnostics.NETCore.Client: Searching in: 'C:\Program Files\dotnet\sdk\8.0.202\Extensions'.
TpTrace Information: 0 : 40012, 1, 2024/05/16, 17:46:34.421, 1376539522452, vstest.console.dll, AssemblyResolver.OnResolve: Microsoft.Diagnostics.NETCore.Client: Loading assembly 'C:\Program Files\dotnet\sdk\8.0.202\Extensions\Microsoft.Diagnostics.NETCore.Client.dll'.
TpTrace Information: 0 : 40012, 1, 2024/05/16, 17:46:34.422, 1376539527966, vstest.console.dll, AssemblyResolver.OnResolve: Resolved assembly: Microsoft.Diagnostics.NETCore.Client, from path: C:\Program Files\dotnet\sdk\8.0.202\Extensions\Microsoft.Diagnostics.NETCore.Client.dll
TpTrace Verbose: 0 : 40012, 1, 2024/05/16, 17:46:34.425, 1376539559497, vstest.console.dll, MetadataReaderExtensionsHelper: Discovering extensions inside assembly 'Microsoft.Diagnostics.NETCore.Client, Version=0.2.9.2401, Culture=neutral, PublicKeyToken=31bf3856ad364e35' file path 'C:\Program Files\dotnet\sdk\8.0.202\Extensions\Microsoft.Diagnostics.NETCore.Client.dll'
TpTrace Information: 0 : 40012, 1, 2024/05/16, 17:46:34.428, 1376539588591, vstest.console.dll, AssemblyResolver.OnResolve: Microsoft.Bcl.AsyncInterfaces: Resolving assembly.
TpTrace Information: 0 : 40012, 1, 2024/05/16, 17:46:34.428, 1376539589469, vstest.console.dll, AssemblyResolver.OnResolve: Microsoft.Bcl.AsyncInterfaces: Searching in: 'C:\Program Files\dotnet\sdk\8.0.202\Extensions'.
TpTrace Information: 0 : 40012, 1, 2024/05/16, 17:46:34.428, 1376539590046, vstest.console.dll, AssemblyResolver.OnResolve: Microsoft.Bcl.AsyncInterfaces: Assembly path does not exist: 'C:\Program Files\dotnet\sdk\8.0.202\Extensions\Microsoft.Bcl.AsyncInterfaces.dll', returning.
TpTrace Information: 0 : 40012, 1, 2024/05/16, 17:46:34.428, 1376539590756, vstest.console.dll, AssemblyResolver.OnResolve: Microsoft.Bcl.AsyncInterfaces: Assembly path does not exist: 'C:\Program Files\dotnet\sdk\8.0.202\Extensions\Microsoft.Bcl.AsyncInterfaces.exe', returning.
TpTrace Information: 0 : 40012, 1, 2024/05/16, 17:46:34.428, 1376539590902, vstest.console.dll, AssemblyResolver.OnResolve: Microsoft.Bcl.AsyncInterfaces: Searching in: 'C:\Program Files\dotnet\sdk\8.0.202'.
TpTrace Information: 0 : 40012, 1, 2024/05/16, 17:46:34.428, 1376539591287, vstest.console.dll, AssemblyResolver.OnResolve: Microsoft.Bcl.AsyncInterfaces: Assembly path does not exist: 'C:\Program Files\dotnet\sdk\8.0.202\Microsoft.Bcl.AsyncInterfaces.dll', returning.
TpTrace Information: 0 : 40012, 1, 2024/05/16, 17:46:34.428, 1376539591534, vstest.console.dll, AssemblyResolver.OnResolve: Microsoft.Bcl.AsyncInterfaces: Assembly path does not exist: 'C:\Program Files\dotnet\sdk\8.0.202\Microsoft.Bcl.AsyncInterfaces.exe', returning.
TpTrace Information: 0 : 40012, 1, 2024/05/16, 17:46:34.428, 1376539591652, vstest.console.dll, AssemblyResolver.OnResolve: Microsoft.Bcl.AsyncInterfaces: Failed to load assembly.
TpTrace Verbose: 0 : 40012, 1, 2024/05/16, 17:46:34.428, 1376539591844, vstest.console.dll, CurrentDomainAssemblyResolve: Resolving assembly 'Microsoft.Bcl.AsyncInterfaces'.
TpTrace Information: 0 : 40012, 1, 2024/05/16, 17:46:34.428, 1376539592194, vstest.console.dll, AssemblyResolver.OnResolve: Microsoft.Bcl.AsyncInterfaces: Resolving assembly.
TpTrace Information: 0 : 40012, 1, 2024/05/16, 17:46:34.428, 1376539592399, vstest.console.dll, AssemblyResolver.OnResolve: Microsoft.Bcl.AsyncInterfaces: Resolved from cache.
TpTrace Verbose: 0 : 40012, 1, 2024/05/16, 17:46:34.428, 1376539592517, vstest.console.dll, CurrentDomainAssemblyResolve: Resolving assembly 'Microsoft.Bcl.AsyncInterfaces'.
TpTrace Verbose: 0 : 40012, 1, 2024/05/16, 17:46:34.428, 1376539592677, vstest.console.dll, CurrentDomainAssemblyResolve: Failed to resolve assembly 'Microsoft.Bcl.AsyncInterfaces'.
TpTrace Verbose: 0 : 40012, 1, 2024/05/16, 17:46:34.429, 1376539599633, vstest.console.dll, CurrentDomainAssemblyResolve: Failed to resolve assembly 'Microsoft.Bcl.AsyncInterfaces'.
TpTrace Warning: 0 : 40012, 1, 2024/05/16, 17:46:34.435, 1376539666149, vstest.console.dll, TestPluginDiscoverer: Failed to get types from assembly 'Microsoft.Diagnostics.NETCore.Client, Version=0.2.9.2401, Culture=neutral, PublicKeyToken=31bf3856ad364e35'. Error: System.Reflection.ReflectionTypeLoadException: Unable to load one or more of the requested types.
Could not load file or assembly 'Microsoft.Bcl.AsyncInterfaces, Version=6.0.0.0, Culture=neutral, PublicKeyToken=cc7b13ffcd2ddd51'. El sistema no puede encontrar el archivo especificado.
   at System.Reflection.RuntimeModule.GetTypes(RuntimeModule module)
   at System.Reflection.RuntimeModule.GetTypes()
   at Microsoft.VisualStudio.TestPlatform.Common.ExtensionFramework.TestPluginDiscoverer.GetTestExtensionsFromAssembly[TPluginInfo,TExtension](Assembly assembly, Dictionary`2 pluginInfos, String filePath) in /_/src/Microsoft.TestPlatform.Common/ExtensionFramework/TestPluginDiscoverer.cs:line 158
System.IO.FileNotFoundException: Could not load file or assembly 'Microsoft.Bcl.AsyncInterfaces, Version=6.0.0.0, Culture=neutral, PublicKeyToken=cc7b13ffcd2ddd51'. El sistema no puede encontrar el archivo especificado.
File name: 'Microsoft.Bcl.AsyncInterfaces, Version=6.0.0.0, Culture=neutral, PublicKeyToken=cc7b13ffcd2ddd51'
 ---> System.IO.FileNotFoundException: Could not load file or assembly 'Microsoft.Bcl.AsyncInterfaces, Culture=neutral, PublicKeyToken=null'. El sistema no puede encontrar el archivo especificado.
File name: 'Microsoft.Bcl.AsyncInterfaces, Culture=neutral, PublicKeyToken=null'
   at System.Reflection.RuntimeAssembly.InternalLoad(AssemblyName assemblyName, StackCrawlMark& stackMark, AssemblyLoadContext assemblyLoadContext, RuntimeAssembly requestingAssembly, Boolean throwOnFileNotFound)
   at System.Reflection.Assembly.Load(AssemblyName assemblyRef)
   at Microsoft.VisualStudio.TestPlatform.Common.ExtensionFramework.TestPluginCache.CurrentDomainAssemblyResolve(Object sender, AssemblyResolveEventArgs args) in /_/src/Microsoft.TestPlatform.Common/ExtensionFramework/TestPluginCache.cs:line 513
   at System.Runtime.Loader.AssemblyLoadContext.GetFirstResolvedAssemblyFromResolvingEvent(AssemblyName assemblyName)
   at System.Runtime.Loader.AssemblyLoadContext.ResolveUsingEvent(AssemblyName assemblyName)
   at System.Runtime.Loader.AssemblyLoadContext.ResolveUsingResolvingEvent(IntPtr gchManagedAssemblyLoadContext, AssemblyName assemblyName)
TpTrace Warning: 0 : 40012, 1, 2024/05/16, 17:46:34.436, 1376539668410, vstest.console.dll, LoaderExceptions: System.IO.FileNotFoundException: Could not load file or assembly 'Microsoft.Bcl.AsyncInterfaces, Version=6.0.0.0, Culture=neutral, PublicKeyToken=cc7b13ffcd2ddd51'. El sistema no puede encontrar el archivo especificado.
File name: 'Microsoft.Bcl.AsyncInterfaces, Version=6.0.0.0, Culture=neutral, PublicKeyToken=cc7b13ffcd2ddd51'
 ---> System.IO.FileNotFoundException: Could not load file or assembly 'Microsoft.Bcl.AsyncInterfaces, Culture=neutral, PublicKeyToken=null'. El sistema no puede encontrar el archivo especificado.
File name: 'Microsoft.Bcl.AsyncInterfaces, Culture=neutral, PublicKeyToken=null'
   at System.Reflection.RuntimeAssembly.InternalLoad(AssemblyName assemblyName, StackCrawlMark& stackMark, AssemblyLoadContext assemblyLoadContext, RuntimeAssembly requestingAssembly, Boolean throwOnFileNotFound)
   at System.Reflection.Assembly.Load(AssemblyName assemblyRef)
   at Microsoft.VisualStudio.TestPlatform.Common.ExtensionFramework.TestPluginCache.CurrentDomainAssemblyResolve(Object sender, AssemblyResolveEventArgs args) in /_/src/Microsoft.TestPlatform.Common/ExtensionFramework/TestPluginCache.cs:line 513
   at System.Runtime.Loader.AssemblyLoadContext.GetFirstResolvedAssemblyFromResolvingEvent(AssemblyName assemblyName)
   at System.Runtime.Loader.AssemblyLoadContext.ResolveUsingEvent(AssemblyName assemblyName)
   at System.Runtime.Loader.AssemblyLoadContext.ResolveUsingResolvingEvent(IntPtr gchManagedAssemblyLoadContext, AssemblyName assemblyName)
TpTrace Information: 0 : 40012, 1, 2024/05/16, 17:46:34.436, 1376539669273, vstest.console.dll, AssemblyResolver.OnResolve: Microsoft.TestPlatform.Extensions.BlameDataCollector: Resolving assembly.
TpTrace Information: 0 : 40012, 1, 2024/05/16, 17:46:34.436, 1376539669585, vstest.console.dll, AssemblyResolver.OnResolve: Microsoft.TestPlatform.Extensions.BlameDataCollector: Searching in: 'C:\Program Files\dotnet\sdk\8.0.202\Extensions'.
TpTrace Information: 0 : 40012, 1, 2024/05/16, 17:46:34.436, 1376539673233, vstest.console.dll, AssemblyResolver.OnResolve: Microsoft.TestPlatform.Extensions.BlameDataCollector: Loading assembly 'C:\Program Files\dotnet\sdk\8.0.202\Extensions\Microsoft.TestPlatform.Extensions.BlameDataCollector.dll'.
TpTrace Information: 0 : 40012, 1, 2024/05/16, 17:46:34.437, 1376539678029, vstest.console.dll, AssemblyResolver.OnResolve: Resolved assembly: Microsoft.TestPlatform.Extensions.BlameDataCollector, from path: C:\Program Files\dotnet\sdk\8.0.202\Extensions\Microsoft.TestPlatform.Extensions.BlameDataCollector.dll
TpTrace Verbose: 0 : 40012, 1, 2024/05/16, 17:46:34.437, 1376539678618, vstest.console.dll, MetadataReaderExtensionsHelper: Discovering extensions inside assembly 'Microsoft.TestPlatform.Extensions.BlameDataCollector, Version=15.0.0.0, Culture=neutral, PublicKeyToken=b03f5f7f11d50a3a' file path 'C:\Program Files\dotnet\sdk\8.0.202\Extensions\Microsoft.TestPlatform.Extensions.BlameDataCollector.dll'
TpTrace Information: 0 : 40012, 1, 2024/05/16, 17:46:34.438, 1376539687894, vstest.console.dll, AssemblyResolver.OnResolve: Microsoft.TestPlatform.Extensions.EventLogCollector: Resolving assembly.
TpTrace Information: 0 : 40012, 1, 2024/05/16, 17:46:34.438, 1376539688436, vstest.console.dll, AssemblyResolver.OnResolve: Microsoft.TestPlatform.Extensions.EventLogCollector: Searching in: 'C:\Program Files\dotnet\sdk\8.0.202\Extensions'.
TpTrace Information: 0 : 40012, 1, 2024/05/16, 17:46:34.438, 1376539691932, vstest.console.dll, AssemblyResolver.OnResolve: Microsoft.TestPlatform.Extensions.EventLogCollector: Loading assembly 'C:\Program Files\dotnet\sdk\8.0.202\Extensions\Microsoft.TestPlatform.Extensions.EventLogCollector.dll'.
TpTrace Information: 0 : 40012, 1, 2024/05/16, 17:46:34.438, 1376539695574, vstest.console.dll, AssemblyResolver.OnResolve: Resolved assembly: Microsoft.TestPlatform.Extensions.EventLogCollector, from path: C:\Program Files\dotnet\sdk\8.0.202\Extensions\Microsoft.TestPlatform.Extensions.EventLogCollector.dll
TpTrace Verbose: 0 : 40012, 1, 2024/05/16, 17:46:34.438, 1376539696017, vstest.console.dll, MetadataReaderExtensionsHelper: Discovering extensions inside assembly 'Microsoft.TestPlatform.Extensions.EventLogCollector, Version=15.0.0.0, Culture=neutral, PublicKeyToken=b03f5f7f11d50a3a' file path 'C:\Program Files\dotnet\sdk\8.0.202\Extensions\Microsoft.TestPlatform.Extensions.EventLogCollector.dll'
TpTrace Information: 0 : 40012, 1, 2024/05/16, 17:46:34.440, 1376539712963, vstest.console.dll, AssemblyResolver.OnResolve: Microsoft.TestPlatform.TestHostRuntimeProvider: Resolving assembly.
TpTrace Information: 0 : 40012, 1, 2024/05/16, 17:46:34.440, 1376539713555, vstest.console.dll, AssemblyResolver.OnResolve: Microsoft.TestPlatform.TestHostRuntimeProvider: Searching in: 'C:\Program Files\dotnet\sdk\8.0.202\Extensions'.
TpTrace Information: 0 : 40012, 1, 2024/05/16, 17:46:34.441, 1376539718356, vstest.console.dll, AssemblyResolver.OnResolve: Microsoft.TestPlatform.TestHostRuntimeProvider: Loading assembly 'C:\Program Files\dotnet\sdk\8.0.202\Extensions\Microsoft.TestPlatform.TestHostRuntimeProvider.dll'.
TpTrace Information: 0 : 40012, 1, 2024/05/16, 17:46:34.441, 1376539723729, vstest.console.dll, AssemblyResolver.OnResolve: Resolved assembly: Microsoft.TestPlatform.TestHostRuntimeProvider, from path: C:\Program Files\dotnet\sdk\8.0.202\Extensions\Microsoft.TestPlatform.TestHostRuntimeProvider.dll
TpTrace Verbose: 0 : 40012, 1, 2024/05/16, 17:46:34.441, 1376539724299, vstest.console.dll, MetadataReaderExtensionsHelper: Discovering extensions inside assembly 'Microsoft.TestPlatform.TestHostRuntimeProvider, Version=15.0.0.0, Culture=neutral, PublicKeyToken=b03f5f7f11d50a3a' file path 'C:\Program Files\dotnet\sdk\8.0.202\Extensions\Microsoft.TestPlatform.TestHostRuntimeProvider.dll'
TpTrace Information: 0 : 40012, 1, 2024/05/16, 17:46:34.442, 1376539736448, vstest.console.dll, GetTestExtensionFromType: Register extension with identifier data 'HostProvider://DefaultTestHost' and type 'Microsoft.VisualStudio.TestPlatform.CrossPlatEngine.Hosting.DefaultTestHostManager, Microsoft.TestPlatform.TestHostRuntimeProvider, Version=15.0.0.0, Culture=neutral, PublicKeyToken=b03f5f7f11d50a3a' inside file 'C:\Program Files\dotnet\sdk\8.0.202\Extensions\Microsoft.TestPlatform.TestHostRuntimeProvider.dll'
TpTrace Information: 0 : 40012, 1, 2024/05/16, 17:46:34.443, 1376539738278, vstest.console.dll, GetTestExtensionFromType: Register extension with identifier data 'HostProvider://DotnetTestHost' and type 'Microsoft.VisualStudio.TestPlatform.CrossPlatEngine.Hosting.DotnetTestHostManager, Microsoft.TestPlatform.TestHostRuntimeProvider, Version=15.0.0.0, Culture=neutral, PublicKeyToken=b03f5f7f11d50a3a' inside file 'C:\Program Files\dotnet\sdk\8.0.202\Extensions\Microsoft.TestPlatform.TestHostRuntimeProvider.dll'
TpTrace Information: 0 : 40012, 1, 2024/05/16, 17:46:34.443, 1376539738885, vstest.console.dll, AssemblyResolver.OnResolve: Microsoft.VisualStudio.TestPlatform.Extensions.Html.TestLogger: Resolving assembly.
TpTrace Information: 0 : 40012, 1, 2024/05/16, 17:46:34.443, 1376539739163, vstest.console.dll, AssemblyResolver.OnResolve: Microsoft.VisualStudio.TestPlatform.Extensions.Html.TestLogger: Searching in: 'C:\Program Files\dotnet\sdk\8.0.202\Extensions'.
TpTrace Information: 0 : 40012, 1, 2024/05/16, 17:46:34.443, 1376539742666, vstest.console.dll, AssemblyResolver.OnResolve: Microsoft.VisualStudio.TestPlatform.Extensions.Html.TestLogger: Loading assembly 'C:\Program Files\dotnet\sdk\8.0.202\Extensions\Microsoft.VisualStudio.TestPlatform.Extensions.Html.TestLogger.dll'.
TpTrace Information: 0 : 40012, 1, 2024/05/16, 17:46:34.444, 1376539747597, vstest.console.dll, AssemblyResolver.OnResolve: Resolved assembly: Microsoft.VisualStudio.TestPlatform.Extensions.Html.TestLogger, from path: C:\Program Files\dotnet\sdk\8.0.202\Extensions\Microsoft.VisualStudio.TestPlatform.Extensions.Html.TestLogger.dll
TpTrace Verbose: 0 : 40012, 1, 2024/05/16, 17:46:34.444, 1376539748138, vstest.console.dll, MetadataReaderExtensionsHelper: Discovering extensions inside assembly 'Microsoft.VisualStudio.TestPlatform.Extensions.Html.TestLogger, Version=15.0.0.0, Culture=neutral, PublicKeyToken=b03f5f7f11d50a3a' file path 'C:\Program Files\dotnet\sdk\8.0.202\Extensions\Microsoft.VisualStudio.TestPlatform.Extensions.Html.TestLogger.dll'
TpTrace Information: 0 : 40012, 1, 2024/05/16, 17:46:34.445, 1376539757310, vstest.console.dll, AssemblyResolver.OnResolve: Microsoft.VisualStudio.TestPlatform.Extensions.Trx.TestLogger: Resolving assembly.
TpTrace Information: 0 : 40012, 1, 2024/05/16, 17:46:34.445, 1376539757892, vstest.console.dll, AssemblyResolver.OnResolve: Microsoft.VisualStudio.TestPlatform.Extensions.Trx.TestLogger: Searching in: 'C:\Program Files\dotnet\sdk\8.0.202\Extensions'.
TpTrace Information: 0 : 40012, 1, 2024/05/16, 17:46:34.445, 1376539761923, vstest.console.dll, AssemblyResolver.OnResolve: Microsoft.VisualStudio.TestPlatform.Extensions.Trx.TestLogger: Loading assembly 'C:\Program Files\dotnet\sdk\8.0.202\Extensions\Microsoft.VisualStudio.TestPlatform.Extensions.Trx.TestLogger.dll'.
TpTrace Information: 0 : 40012, 1, 2024/05/16, 17:46:34.445, 1376539766534, vstest.console.dll, AssemblyResolver.OnResolve: Resolved assembly: Microsoft.VisualStudio.TestPlatform.Extensions.Trx.TestLogger, from path: C:\Program Files\dotnet\sdk\8.0.202\Extensions\Microsoft.VisualStudio.TestPlatform.Extensions.Trx.TestLogger.dll
TpTrace Verbose: 0 : 40012, 1, 2024/05/16, 17:46:34.445, 1376539767011, vstest.console.dll, MetadataReaderExtensionsHelper: Discovering extensions inside assembly 'Microsoft.VisualStudio.TestPlatform.Extensions.Trx.TestLogger, Version=15.0.0.0, Culture=neutral, PublicKeyToken=b03f5f7f11d50a3a' file path 'C:\Program Files\dotnet\sdk\8.0.202\Extensions\Microsoft.VisualStudio.TestPlatform.Extensions.Trx.TestLogger.dll'
TpTrace Verbose: 0 : 40012, 1, 2024/05/16, 17:46:34.446, 1376539775481, vstest.console.dll, TestPluginCache: Discovered the extensions using extension path ''.
TpTrace Verbose: 0 : 40012, 1, 2024/05/16, 17:46:34.446, 1376539776003, vstest.console.dll, TestPluginCache: Discoverers are ''.
TpTrace Verbose: 0 : 40012, 1, 2024/05/16, 17:46:34.446, 1376539776145, vstest.console.dll, TestPluginCache: Executors are ''.
TpTrace Verbose: 0 : 40012, 1, 2024/05/16, 17:46:34.446, 1376539776261, vstest.console.dll, TestPluginCache: Executors2 are ''.
TpTrace Verbose: 0 : 40012, 1, 2024/05/16, 17:46:34.446, 1376539776375, vstest.console.dll, TestPluginCache: Setting providers are ''.
TpTrace Verbose: 0 : 40012, 1, 2024/05/16, 17:46:34.446, 1376539776486, vstest.console.dll, TestPluginCache: Loggers are ''.
TpTrace Verbose: 0 : 40012, 1, 2024/05/16, 17:46:34.447, 1376539777603, vstest.console.dll, TestPluginCache: TestHosts are 'HostProvider://DefaultTestHost,HostProvider://DotnetTestHost'.
TpTrace Verbose: 0 : 40012, 1, 2024/05/16, 17:46:34.447, 1376539777772, vstest.console.dll, TestPluginCache: DataCollectors are ''.
TpTrace Information: 0 : 40012, 1, 2024/05/16, 17:46:34.457, 1376539881251, vstest.console.dll, RunTestsArgumentProcessor:Execute: Test run is starting.
TpTrace Verbose: 0 : 40012, 1, 2024/05/16, 17:46:34.457, 1376539882037, vstest.console.dll, RunTestsArgumentProcessor:Execute: Queuing Test run.
TpTrace Information: 0 : 40012, 1, 2024/05/16, 17:46:34.457, 1376539883594, vstest.console.dll, TestRequestManager.RunTests: run tests started.
TpTrace Information: 0 : 40012, 1, 2024/05/16, 17:46:34.458, 1376539892910, vstest.console.dll, AssemblyMetadataProvider.GetFrameworkName: Determined framework:'.NETCoreApp,Version=v8.0' for source: 'C:\Users\melin\source\repos\UsingXUnitTest\bin\Debug\net8.0\fine-code-coverage\build-output\UsingXUnitTest.dll'
TpTrace Information: 0 : 40012, 1, 2024/05/16, 17:46:34.458, 1376539894180, vstest.console.dll, Determined framework for all sources: .NETCoreApp,Version=v8.0
TpTrace Verbose: 0 : 40012, 1, 2024/05/16, 17:46:34.458, 1376539896480, vstest.console.dll, TestRequestManager.UpdateRunSettingsIfRequired: Default architecture: X64 IsDefaultTargetArchitecture: True, Current process architecture: X64 OperatingSystem: Windows.
TpTrace Information: 0 : 40012, 1, 2024/05/16, 17:46:34.460, 1376539907203, vstest.console.dll, AssemblyMetadataProvider.GetArchitecture: Determined architecture:AnyCPU info for assembly: C:\Users\melin\source\repos\UsingXUnitTest\bin\Debug\net8.0\fine-code-coverage\build-output\UsingXUnitTest.dll
TpTrace Information: 0 : 40012, 1, 2024/05/16, 17:46:34.460, 1376539907609, vstest.console.dll, Determined platform for source 'C:\Users\melin\source\repos\UsingXUnitTest\bin\Debug\net8.0\fine-code-coverage\build-output\UsingXUnitTest.dll' was AnyCPU and it will use the default plaform X64.
TpTrace Information: 0 : 40012, 1, 2024/05/16, 17:46:34.460, 1376539907747, vstest.console.dll, None of the sources provided any runnable platform, using the default platform: X64
TpTrace Information: 0 : 40012, 1, 2024/05/16, 17:46:34.460, 1376539908309, vstest.console.dll, Platform was updated to 'X64'.
TpTrace Information: 0 : 40012, 1, 2024/05/16, 17:46:34.462, 1376539928084, vstest.console.dll, InferRunSettingsHelper.IsTestSettingsEnabled: Unable to navigate to RunSettings/MSTest. Current node: RunSettings
TpTrace Information: 0 : 40012, 1, 2024/05/16, 17:46:34.462, 1376539931819, vstest.console.dll, AssemblyResolver.OnResolve: Microsoft.VisualStudio.TestPlatform.Fakes: Resolving assembly.
TpTrace Information: 0 : 40012, 1, 2024/05/16, 17:46:34.462, 1376539932345, vstest.console.dll, AssemblyResolver.OnResolve: Microsoft.VisualStudio.TestPlatform.Fakes: Searching in: 'C:\Program Files\dotnet\sdk\8.0.202\Extensions'.
TpTrace Information: 0 : 40012, 1, 2024/05/16, 17:46:34.462, 1376539932986, vstest.console.dll, AssemblyResolver.OnResolve: Microsoft.VisualStudio.TestPlatform.Fakes: Assembly path does not exist: 'C:\Program Files\dotnet\sdk\8.0.202\Extensions\Microsoft.VisualStudio.TestPlatform.Fakes.dll', returning.
TpTrace Information: 0 : 40012, 1, 2024/05/16, 17:46:34.462, 1376539933295, vstest.console.dll, AssemblyResolver.OnResolve: Microsoft.VisualStudio.TestPlatform.Fakes: Assembly path does not exist: 'C:\Program Files\dotnet\sdk\8.0.202\Extensions\Microsoft.VisualStudio.TestPlatform.Fakes.exe', returning.
TpTrace Information: 0 : 40012, 1, 2024/05/16, 17:46:34.462, 1376539933422, vstest.console.dll, AssemblyResolver.OnResolve: Microsoft.VisualStudio.TestPlatform.Fakes: Searching in: 'C:\Program Files\dotnet\sdk\8.0.202'.
TpTrace Information: 0 : 40012, 1, 2024/05/16, 17:46:34.462, 1376539933752, vstest.console.dll, AssemblyResolver.OnResolve: Microsoft.VisualStudio.TestPlatform.Fakes: Assembly path does not exist: 'C:\Program Files\dotnet\sdk\8.0.202\Microsoft.VisualStudio.TestPlatform.Fakes.dll', returning.
TpTrace Information: 0 : 40012, 1, 2024/05/16, 17:46:34.462, 1376539934027, vstest.console.dll, AssemblyResolver.OnResolve: Microsoft.VisualStudio.TestPlatform.Fakes: Assembly path does not exist: 'C:\Program Files\dotnet\sdk\8.0.202\Microsoft.VisualStudio.TestPlatform.Fakes.exe', returning.
TpTrace Information: 0 : 40012, 1, 2024/05/16, 17:46:34.462, 1376539934149, vstest.console.dll, AssemblyResolver.OnResolve: Microsoft.VisualStudio.TestPlatform.Fakes: Failed to load assembly.
TpTrace Information: 0 : 40012, 1, 2024/05/16, 17:46:34.462, 1376539935818, vstest.console.dll, Failed to load assembly Microsoft.VisualStudio.TestPlatform.Fakes, Version=17.0.0.0, Culture=neutral. Reason:System.IO.FileNotFoundException: Could not load file or assembly 'Microsoft.VisualStudio.TestPlatform.Fakes, Version=17.0.0.0, Culture=neutral, PublicKeyToken=null'. El sistema no puede encontrar el archivo especificado.
File name: 'Microsoft.VisualStudio.TestPlatform.Fakes, Version=17.0.0.0, Culture=neutral, PublicKeyToken=null'
   at System.Reflection.RuntimeAssembly.InternalLoad(AssemblyName assemblyName, StackCrawlMark& stackMark, AssemblyLoadContext assemblyLoadContext, RuntimeAssembly requestingAssembly, Boolean throwOnFileNotFound)
   at System.Reflection.Assembly.Load(AssemblyName assemblyRef)
   at Microsoft.VisualStudio.TestPlatform.Common.Utilities.FakesUtilities.LoadTestPlatformAssembly() in /_/src/Microsoft.TestPlatform.Common/Utilities/FakesUtilities.cs:line 272
TpTrace Verbose: 0 : 40012, 1, 2024/05/16, 17:46:34.464, 1376539955695, vstest.console.dll, TestPluginCache.DiscoverTestExtensions: finding test extensions in assemblies ends with: TestLogger.dll TPluginInfo: Microsoft.VisualStudio.TestPlatform.Common.ExtensionFramework.Utilities.TestLoggerPluginInformation TExtension: Microsoft.VisualStudio.TestPlatform.ObjectModel.Client.ITestLogger
TpTrace Verbose: 0 : 40012, 1, 2024/05/16, 17:46:34.464, 1376539956291, vstest.console.dll, TestPluginCache.GetExtensionPaths: Filtered extension paths: 
TpTrace Verbose: 0 : 40012, 1, 2024/05/16, 17:46:34.464, 1376539956495, vstest.console.dll, TestPluginCache.GetExtensionPaths: Added default extension paths: C:\Program Files\dotnet\sdk\8.0.202\Extensions\Microsoft.Diagnostics.NETCore.Client.dll
C:\Program Files\dotnet\sdk\8.0.202\Extensions\Microsoft.TestPlatform.Extensions.BlameDataCollector.dll
C:\Program Files\dotnet\sdk\8.0.202\Extensions\Microsoft.TestPlatform.Extensions.EventLogCollector.dll
C:\Program Files\dotnet\sdk\8.0.202\Extensions\Microsoft.TestPlatform.TestHostRuntimeProvider.dll
C:\Program Files\dotnet\sdk\8.0.202\Extensions\Microsoft.VisualStudio.TestPlatform.Extensions.Html.TestLogger.dll
C:\Program Files\dotnet\sdk\8.0.202\Extensions\Microsoft.VisualStudio.TestPlatform.Extensions.Trx.TestLogger.dll
TpTrace Verbose: 0 : 40012, 1, 2024/05/16, 17:46:34.464, 1376539956633, vstest.console.dll, TestPluginCache.GetExtensionPaths: Added unfilterableExtensionPaths: 
TpTrace Information: 0 : 40012, 1, 2024/05/16, 17:46:34.465, 1376539957427, vstest.console.dll, AssemblyResolver.AddSearchDirectories: Adding more searchDirectories C:\Program Files\dotnet\sdk\8.0.202\Extensions,C:\Program Files\dotnet\sdk\8.0.202
TpTrace Verbose: 0 : 40012, 1, 2024/05/16, 17:46:34.465, 1376539957654, vstest.console.dll, TestPluginCache.DiscoverTestExtensions: Discovering the extensions using extension path.
TpTrace Verbose: 0 : 40012, 1, 2024/05/16, 17:46:34.465, 1376539957809, vstest.console.dll, TestPluginCache.GetExtensionPaths: Filtered extension paths: 
TpTrace Verbose: 0 : 40012, 1, 2024/05/16, 17:46:34.465, 1376539957957, vstest.console.dll, TestPluginCache.GetExtensionPaths: Added default extension paths: C:\Program Files\dotnet\sdk\8.0.202\Extensions\Microsoft.Diagnostics.NETCore.Client.dll
C:\Program Files\dotnet\sdk\8.0.202\Extensions\Microsoft.TestPlatform.Extensions.BlameDataCollector.dll
C:\Program Files\dotnet\sdk\8.0.202\Extensions\Microsoft.TestPlatform.Extensions.EventLogCollector.dll
C:\Program Files\dotnet\sdk\8.0.202\Extensions\Microsoft.TestPlatform.TestHostRuntimeProvider.dll
C:\Program Files\dotnet\sdk\8.0.202\Extensions\Microsoft.VisualStudio.TestPlatform.Extensions.Html.TestLogger.dll
C:\Program Files\dotnet\sdk\8.0.202\Extensions\Microsoft.VisualStudio.TestPlatform.Extensions.Trx.TestLogger.dll
TpTrace Verbose: 0 : 40012, 1, 2024/05/16, 17:46:34.465, 1376539958083, vstest.console.dll, TestPluginCache.GetExtensionPaths: Added unfilterableExtensionPaths: 
TpTrace Verbose: 0 : 40012, 1, 2024/05/16, 17:46:34.465, 1376539958229, vstest.console.dll, TestPluginCache.DiscoverTestExtensions: Discovering the extensions using allExtensionPaths: C:\Program Files\dotnet\sdk\8.0.202\Extensions\Microsoft.Diagnostics.NETCore.Client.dll
C:\Program Files\dotnet\sdk\8.0.202\Extensions\Microsoft.TestPlatform.Extensions.BlameDataCollector.dll
C:\Program Files\dotnet\sdk\8.0.202\Extensions\Microsoft.TestPlatform.Extensions.EventLogCollector.dll
C:\Program Files\dotnet\sdk\8.0.202\Extensions\Microsoft.TestPlatform.TestHostRuntimeProvider.dll
C:\Program Files\dotnet\sdk\8.0.202\Extensions\Microsoft.VisualStudio.TestPlatform.Extensions.Html.TestLogger.dll
C:\Program Files\dotnet\sdk\8.0.202\Extensions\Microsoft.VisualStudio.TestPlatform.Extensions.Trx.TestLogger.dll
TpTrace Information: 0 : 40012, 1, 2024/05/16, 17:46:34.465, 1376539958800, vstest.console.dll, AssemblyResolver.AddSearchDirectories: Adding more searchDirectories C:\Program Files\dotnet\sdk\8.0.202\Extensions,C:\Program Files\dotnet\sdk\8.0.202
TpTrace Information: 0 : 40012, 1, 2024/05/16, 17:46:34.465, 1376539959005, vstest.console.dll, AssemblyResolver.AddSearchDirectories: Adding more searchDirectories C:\Program Files\dotnet\sdk\8.0.202\Extensions,C:\Program Files\dotnet\sdk\8.0.202
TpTrace Information: 0 : 40012, 1, 2024/05/16, 17:46:34.465, 1376539959142, vstest.console.dll, AssemblyResolver.AddSearchDirectories: Adding more searchDirectories C:\Program Files\dotnet\sdk\8.0.202\Extensions,C:\Program Files\dotnet\sdk\8.0.202
TpTrace Information: 0 : 40012, 1, 2024/05/16, 17:46:34.465, 1376539959273, vstest.console.dll, AssemblyResolver.AddSearchDirectories: Adding more searchDirectories C:\Program Files\dotnet\sdk\8.0.202\Extensions,C:\Program Files\dotnet\sdk\8.0.202
TpTrace Information: 0 : 40012, 1, 2024/05/16, 17:46:34.465, 1376539959409, vstest.console.dll, AssemblyResolver.AddSearchDirectories: Adding more searchDirectories C:\Program Files\dotnet\sdk\8.0.202\Extensions,C:\Program Files\dotnet\sdk\8.0.202
TpTrace Information: 0 : 40012, 1, 2024/05/16, 17:46:34.465, 1376539959581, vstest.console.dll, AssemblyResolver.AddSearchDirectories: Adding more searchDirectories C:\Program Files\dotnet\sdk\8.0.202\Extensions,C:\Program Files\dotnet\sdk\8.0.202
TpTrace Verbose: 0 : 40012, 1, 2024/05/16, 17:46:34.465, 1376539960149, vstest.console.dll, MetadataReaderExtensionsHelper: Discovering extensions inside assembly 'Microsoft.Diagnostics.NETCore.Client, Version=0.2.9.2401, Culture=neutral, PublicKeyToken=31bf3856ad364e35' file path 'C:\Program Files\dotnet\sdk\8.0.202\Extensions\Microsoft.Diagnostics.NETCore.Client.dll'
TpTrace Information: 0 : 40012, 1, 2024/05/16, 17:46:34.466, 1376539967441, vstest.console.dll, AssemblyResolver.OnResolve: Microsoft.Bcl.AsyncInterfaces: Resolving assembly.
TpTrace Information: 0 : 40012, 1, 2024/05/16, 17:46:34.466, 1376539967821, vstest.console.dll, AssemblyResolver.OnResolve: Microsoft.Bcl.AsyncInterfaces: Resolved from cache.
TpTrace Verbose: 0 : 40012, 1, 2024/05/16, 17:46:34.466, 1376539967969, vstest.console.dll, CurrentDomainAssemblyResolve: Resolving assembly 'Microsoft.Bcl.AsyncInterfaces'.
TpTrace Information: 0 : 40012, 1, 2024/05/16, 17:46:34.466, 1376539968191, vstest.console.dll, AssemblyResolver.OnResolve: Microsoft.Bcl.AsyncInterfaces: Resolving assembly.
TpTrace Information: 0 : 40012, 1, 2024/05/16, 17:46:34.466, 1376539968348, vstest.console.dll, AssemblyResolver.OnResolve: Microsoft.Bcl.AsyncInterfaces: Resolved from cache.
TpTrace Verbose: 0 : 40012, 1, 2024/05/16, 17:46:34.466, 1376539968465, vstest.console.dll, CurrentDomainAssemblyResolve: Resolving assembly 'Microsoft.Bcl.AsyncInterfaces'.
TpTrace Verbose: 0 : 40012, 1, 2024/05/16, 17:46:34.466, 1376539968583, vstest.console.dll, CurrentDomainAssemblyResolve: Failed to resolve assembly 'Microsoft.Bcl.AsyncInterfaces'.
TpTrace Verbose: 0 : 40012, 1, 2024/05/16, 17:46:34.466, 1376539969370, vstest.console.dll, CurrentDomainAssemblyResolve: Failed to resolve assembly 'Microsoft.Bcl.AsyncInterfaces'.
TpTrace Warning: 0 : 40012, 1, 2024/05/16, 17:46:34.466, 1376539971205, vstest.console.dll, TestPluginDiscoverer: Failed to get types from assembly 'Microsoft.Diagnostics.NETCore.Client, Version=0.2.9.2401, Culture=neutral, PublicKeyToken=31bf3856ad364e35'. Error: System.Reflection.ReflectionTypeLoadException: Unable to load one or more of the requested types.
Could not load file or assembly 'Microsoft.Bcl.AsyncInterfaces, Version=6.0.0.0, Culture=neutral, PublicKeyToken=cc7b13ffcd2ddd51'. El sistema no puede encontrar el archivo especificado.
   at System.Reflection.RuntimeModule.GetTypes(RuntimeModule module)
   at System.Reflection.RuntimeModule.GetTypes()
   at Microsoft.VisualStudio.TestPlatform.Common.ExtensionFramework.TestPluginDiscoverer.GetTestExtensionsFromAssembly[TPluginInfo,TExtension](Assembly assembly, Dictionary`2 pluginInfos, String filePath) in /_/src/Microsoft.TestPlatform.Common/ExtensionFramework/TestPluginDiscoverer.cs:line 158
System.IO.FileNotFoundException: Could not load file or assembly 'Microsoft.Bcl.AsyncInterfaces, Version=6.0.0.0, Culture=neutral, PublicKeyToken=cc7b13ffcd2ddd51'. El sistema no puede encontrar el archivo especificado.
File name: 'Microsoft.Bcl.AsyncInterfaces, Version=6.0.0.0, Culture=neutral, PublicKeyToken=cc7b13ffcd2ddd51'
 ---> System.IO.FileNotFoundException: Could not load file or assembly 'Microsoft.Bcl.AsyncInterfaces, Culture=neutral, PublicKeyToken=null'. El sistema no puede encontrar el archivo especificado.
File name: 'Microsoft.Bcl.AsyncInterfaces, Culture=neutral, PublicKeyToken=null'
   at System.Reflection.RuntimeAssembly.InternalLoad(AssemblyName assemblyName, StackCrawlMark& stackMark, AssemblyLoadContext assemblyLoadContext, RuntimeAssembly requestingAssembly, Boolean throwOnFileNotFound)
   at System.Reflection.Assembly.Load(AssemblyName assemblyRef)
   at Microsoft.VisualStudio.TestPlatform.Common.ExtensionFramework.TestPluginCache.CurrentDomainAssemblyResolve(Object sender, AssemblyResolveEventArgs args) in /_/src/Microsoft.TestPlatform.Common/ExtensionFramework/TestPluginCache.cs:line 513
   at System.Runtime.Loader.AssemblyLoadContext.GetFirstResolvedAssemblyFromResolvingEvent(AssemblyName assemblyName)
   at System.Runtime.Loader.AssemblyLoadContext.ResolveUsingEvent(AssemblyName assemblyName)
   at System.Runtime.Loader.AssemblyLoadContext.ResolveUsingResolvingEvent(IntPtr gchManagedAssemblyLoadContext, AssemblyName assemblyName)
TpTrace Warning: 0 : 40012, 1, 2024/05/16, 17:46:34.466, 1376539971973, vstest.console.dll, LoaderExceptions: System.IO.FileNotFoundException: Could not load file or assembly 'Microsoft.Bcl.AsyncInterfaces, Version=6.0.0.0, Culture=neutral, PublicKeyToken=cc7b13ffcd2ddd51'. El sistema no puede encontrar el archivo especificado.
File name: 'Microsoft.Bcl.AsyncInterfaces, Version=6.0.0.0, Culture=neutral, PublicKeyToken=cc7b13ffcd2ddd51'
 ---> System.IO.FileNotFoundException: Could not load file or assembly 'Microsoft.Bcl.AsyncInterfaces, Culture=neutral, PublicKeyToken=null'. El sistema no puede encontrar el archivo especificado.
File name: 'Microsoft.Bcl.AsyncInterfaces, Culture=neutral, PublicKeyToken=null'
   at System.Reflection.RuntimeAssembly.InternalLoad(AssemblyName assemblyName, StackCrawlMark& stackMark, AssemblyLoadContext assemblyLoadContext, RuntimeAssembly requestingAssembly, Boolean throwOnFileNotFound)
   at System.Reflection.Assembly.Load(AssemblyName assemblyRef)
   at Microsoft.VisualStudio.TestPlatform.Common.ExtensionFramework.TestPluginCache.CurrentDomainAssemblyResolve(Object sender, AssemblyResolveEventArgs args) in /_/src/Microsoft.TestPlatform.Common/ExtensionFramework/TestPluginCache.cs:line 513
   at System.Runtime.Loader.AssemblyLoadContext.GetFirstResolvedAssemblyFromResolvingEvent(AssemblyName assemblyName)
   at System.Runtime.Loader.AssemblyLoadContext.ResolveUsingEvent(AssemblyName assemblyName)
   at System.Runtime.Loader.AssemblyLoadContext.ResolveUsingResolvingEvent(IntPtr gchManagedAssemblyLoadContext, AssemblyName assemblyName)
TpTrace Verbose: 0 : 40012, 1, 2024/05/16, 17:46:34.466, 1376539972417, vstest.console.dll, MetadataReaderExtensionsHelper: Discovering extensions inside assembly 'Microsoft.TestPlatform.Extensions.BlameDataCollector, Version=15.0.0.0, Culture=neutral, PublicKeyToken=b03f5f7f11d50a3a' file path 'C:\Program Files\dotnet\sdk\8.0.202\Extensions\Microsoft.TestPlatform.Extensions.BlameDataCollector.dll'
TpTrace Information: 0 : 40012, 1, 2024/05/16, 17:46:34.466, 1376539976864, vstest.console.dll, GetTestExtensionFromType: Register extension with identifier data 'logger://Microsoft/TestPlatform/Extensions/Blame/v1' and type 'Microsoft.TestPlatform.Extensions.BlameDataCollector.BlameLogger, Microsoft.TestPlatform.Extensions.BlameDataCollector, Version=15.0.0.0, Culture=neutral, PublicKeyToken=b03f5f7f11d50a3a' inside file 'C:\Program Files\dotnet\sdk\8.0.202\Extensions\Microsoft.TestPlatform.Extensions.BlameDataCollector.dll'
TpTrace Verbose: 0 : 40012, 1, 2024/05/16, 17:46:34.467, 1376539977356, vstest.console.dll, MetadataReaderExtensionsHelper: Discovering extensions inside assembly 'Microsoft.TestPlatform.Extensions.EventLogCollector, Version=15.0.0.0, Culture=neutral, PublicKeyToken=b03f5f7f11d50a3a' file path 'C:\Program Files\dotnet\sdk\8.0.202\Extensions\Microsoft.TestPlatform.Extensions.EventLogCollector.dll'
TpTrace Verbose: 0 : 40012, 1, 2024/05/16, 17:46:34.467, 1376539980647, vstest.console.dll, MetadataReaderExtensionsHelper: Discovering extensions inside assembly 'Microsoft.TestPlatform.TestHostRuntimeProvider, Version=15.0.0.0, Culture=neutral, PublicKeyToken=b03f5f7f11d50a3a' file path 'C:\Program Files\dotnet\sdk\8.0.202\Extensions\Microsoft.TestPlatform.TestHostRuntimeProvider.dll'
TpTrace Verbose: 0 : 40012, 1, 2024/05/16, 17:46:34.467, 1376539983662, vstest.console.dll, MetadataReaderExtensionsHelper: Discovering extensions inside assembly 'Microsoft.VisualStudio.TestPlatform.Extensions.Html.TestLogger, Version=15.0.0.0, Culture=neutral, PublicKeyToken=b03f5f7f11d50a3a' file path 'C:\Program Files\dotnet\sdk\8.0.202\Extensions\Microsoft.VisualStudio.TestPlatform.Extensions.Html.TestLogger.dll'
TpTrace Information: 0 : 40012, 1, 2024/05/16, 17:46:34.468, 1376539988148, vstest.console.dll, GetTestExtensionFromType: Register extension with identifier data 'logger://Microsoft/TestPlatform/HtmlLogger/v1' and type 'Microsoft.VisualStudio.TestPlatform.Extensions.HtmlLogger.HtmlLogger, Microsoft.VisualStudio.TestPlatform.Extensions.Html.TestLogger, Version=15.0.0.0, Culture=neutral, PublicKeyToken=b03f5f7f11d50a3a' inside file 'C:\Program Files\dotnet\sdk\8.0.202\Extensions\Microsoft.VisualStudio.TestPlatform.Extensions.Html.TestLogger.dll'
TpTrace Verbose: 0 : 40012, 1, 2024/05/16, 17:46:34.468, 1376539988599, vstest.console.dll, MetadataReaderExtensionsHelper: Discovering extensions inside assembly 'Microsoft.VisualStudio.TestPlatform.Extensions.Trx.TestLogger, Version=15.0.0.0, Culture=neutral, PublicKeyToken=b03f5f7f11d50a3a' file path 'C:\Program Files\dotnet\sdk\8.0.202\Extensions\Microsoft.VisualStudio.TestPlatform.Extensions.Trx.TestLogger.dll'
TpTrace Information: 0 : 40012, 1, 2024/05/16, 17:46:34.468, 1376539992155, vstest.console.dll, GetTestExtensionFromType: Register extension with identifier data 'logger://Microsoft/TestPlatform/TrxLogger/v1' and type 'Microsoft.VisualStudio.TestPlatform.Extensions.TrxLogger.TrxLogger, Microsoft.VisualStudio.TestPlatform.Extensions.Trx.TestLogger, Version=15.0.0.0, Culture=neutral, PublicKeyToken=b03f5f7f11d50a3a' inside file 'C:\Program Files\dotnet\sdk\8.0.202\Extensions\Microsoft.VisualStudio.TestPlatform.Extensions.Trx.TestLogger.dll'
TpTrace Verbose: 0 : 40012, 1, 2024/05/16, 17:46:34.468, 1376539992610, vstest.console.dll, TestPluginCache: Discovered the extensions using extension path ''.
TpTrace Verbose: 0 : 40012, 1, 2024/05/16, 17:46:34.468, 1376539992755, vstest.console.dll, TestPluginCache: Discoverers are ''.
TpTrace Verbose: 0 : 40012, 1, 2024/05/16, 17:46:34.468, 1376539992872, vstest.console.dll, TestPluginCache: Executors are ''.
TpTrace Verbose: 0 : 40012, 1, 2024/05/16, 17:46:34.468, 1376539992985, vstest.console.dll, TestPluginCache: Executors2 are ''.
TpTrace Verbose: 0 : 40012, 1, 2024/05/16, 17:46:34.468, 1376539993101, vstest.console.dll, TestPluginCache: Setting providers are ''.
TpTrace Verbose: 0 : 40012, 1, 2024/05/16, 17:46:34.468, 1376539993511, vstest.console.dll, TestPluginCache: Loggers are 'logger://Microsoft/TestPlatform/Extensions/Blame/v1,logger://Microsoft/TestPlatform/HtmlLogger/v1,logger://Microsoft/TestPlatform/TrxLogger/v1'.
TpTrace Verbose: 0 : 40012, 1, 2024/05/16, 17:46:34.468, 1376539993699, vstest.console.dll, TestPluginCache: TestHosts are 'HostProvider://DefaultTestHost,HostProvider://DotnetTestHost'.
TpTrace Verbose: 0 : 40012, 1, 2024/05/16, 17:46:34.468, 1376539993816, vstest.console.dll, TestPluginCache: DataCollectors are ''.
TpTrace Information: 0 : 40012, 1, 2024/05/16, 17:46:34.469, 1376539998532, vstest.console.dll, TestPluginManager.CreateTestExtension: Attempting to load test extension: Microsoft.TestPlatform.Extensions.BlameDataCollector.BlameLogger
TpTrace Verbose: 0 : 40012, 1, 2024/05/16, 17:46:34.473, 1376540045891, vstest.console.dll, TestEngine: Initializing Parallel Execution as MaxCpuCount is set to: 1
TpTrace Information: 0 : 40012, 1, 2024/05/16, 17:46:34.474, 1376540055617, vstest.console.dll, TestPluginManager.CreateTestExtension: Attempting to load test extension: Microsoft.VisualStudio.TestPlatform.CrossPlatEngine.Hosting.DefaultTestHostManager
TpTrace Information: 0 : 40012, 1, 2024/05/16, 17:46:34.476, 1376540070350, vstest.console.dll, TestPluginManager.CreateTestExtension: Attempting to load test extension: Microsoft.VisualStudio.TestPlatform.CrossPlatEngine.Hosting.DotnetTestHostManager
TpTrace Information: 0 : 40012, 1, 2024/05/16, 17:46:34.476, 1376540073826, vstest.console.dll, InferRunSettingsHelper.IsTestSettingsEnabled: Unable to navigate to RunSettings/MSTest. Current node: RunSettings
TpTrace Verbose: 0 : 40012, 1, 2024/05/16, 17:46:34.477, 1376540077086, vstest.console.dll, ParallelOperationManager.ClearSlots: Clearing all slots. Slots should accept more work: True
TpTrace Verbose: 0 : 40012, 1, 2024/05/16, 17:46:34.477, 1376540080922, vstest.console.dll, ParallelOperationManager.SetOccupiedSlotCount: Setting slot counts AvailableSlotCount = 1, OccupiedSlotCount = 0.
TpTrace Verbose: 0 : 40012, 1, 2024/05/16, 17:46:34.477, 1376540082757, vstest.console.dll, Occupied slots:

TpTrace Verbose: 0 : 40012, 1, 2024/05/16, 17:46:34.479, 1376540102758, vstest.console.dll, TestEngine.GetExecutionManager: Chosen execution manager 'Microsoft.VisualStudio.TestPlatform.CrossPlatEngine.Client.Parallel.ParallelProxyExecutionManager, Microsoft.TestPlatform.CrossPlatEngine, Version=15.0.0.0, Culture=neutral, PublicKeyToken=b03f5f7f11d50a3a' ParallelLevel '1'.
TpTrace Verbose: 0 : 40012, 1, 2024/05/16, 17:46:34.479, 1376540103600, vstest.console.dll, TestRunRequest.ExecuteAsync: Creating test run request.
TpTrace Verbose: 0 : 40012, 1, 2024/05/16, 17:46:34.479, 1376540104917, vstest.console.dll, TestRunRequest.ExecuteAsync: Starting.
TpTrace Information: 0 : 40012, 1, 2024/05/16, 17:46:34.480, 1376540111264, vstest.console.dll, TestRunRequest.ExecuteAsync: Starting run with settings:TestRunCriteria:
   KeepAlive=False,FrequencyOfRunStatsChangeEvent=10,RunStatsChangeEventTimeout=00:00:01.5000000,TestCaseFilter=,TestExecutorLauncher=
   Settingsxml=<RunSettings>
  <RunConfiguration>
    <ResultsDirectory>C:\Users\melin\source\repos\UsingXUnitTest\bin\Debug\net8.0\fine-code-coverage\coverage-tool-output</ResultsDirectory>
    <TargetPlatform>X64</TargetPlatform>
    <TargetFrameworkVersion>.NETCoreApp,Version=v8.0</TargetFrameworkVersion>
    <DesignMode>False</DesignMode>
    <CollectSourceInformation>False</CollectSourceInformation>
  </RunConfiguration>
  <LoggerRunSettings>
    <Loggers>
      <Logger friendlyName="blame" enabled="True" />
      <Logger friendlyName="Console" uri="logger://microsoft/TestPlatform/ConsoleLogger/v1" assemblyQualifiedName="Microsoft.VisualStudio.TestPlatform.CommandLine.Internal.ConsoleLogger, vstest.console, Version=15.0.0.0, Culture=neutral, PublicKeyToken=b03f5f7f11d50a3a" codeBase="C:\Program Files\dotnet\sdk\8.0.202\vstest.console.dll" enabled="True" />
    </Loggers>
  </LoggerRunSettings>
  <DataCollectionRunSettings>
    <DataCollectors>
      <DataCollector friendlyName="blame" enabled="True">
        <Configuration>
          <ResultsDirectory>C:\Users\melin\source\repos\UsingXUnitTest\bin\Debug\net8.0\fine-code-coverage\coverage-tool-output</ResultsDirectory>
        </Configuration>
      </DataCollector>
    </DataCollectors>
  </DataCollectionRunSettings>
</RunSettings>

TpTrace Verbose: 0 : 40012, 1, 2024/05/16, 17:46:34.480, 1376540111599, vstest.console.dll, TestRunRequest.ExecuteAsync: Wait for the first run request is over.
TpTrace Verbose: 0 : 40012, 1, 2024/05/16, 17:46:34.480, 1376540113288, vstest.console.dll, MulticastDelegateUtilities.SafeInvoke: TestRun.TestRunStart: Invoking callbacks was skipped because there are no subscribers.
TpTrace Verbose: 0 : 40012, 4, 2024/05/16, 17:46:34.480, 1376540114955, vstest.console.dll, MulticastDelegateUtilities.SafeInvoke: InternalTestLoggerEvents.SendTestRunStart: Invoking callback 1/1 for Microsoft.VisualStudio.TestPlatform.CommandLine.Internal.ConsoleLogger., took 0 ms.
TpTrace Verbose: 0 : 40012, 1, 2024/05/16, 17:46:34.481, 1376540118814, vstest.console.dll, ParallelProxyExecutionManager: Start execution. Total sources: 1
TpTrace Verbose: 0 : 40012, 1, 2024/05/16, 17:46:34.481, 1376540120686, vstest.console.dll, ParallelOperationManager.StartWork: Starting adding 1 workloads.
TpTrace Verbose: 0 : 40012, 1, 2024/05/16, 17:46:34.481, 1376540121016, vstest.console.dll, ParallelOperationManager.ClearSlots: Clearing all slots. Slots should accept more work: True
TpTrace Verbose: 0 : 40012, 1, 2024/05/16, 17:46:34.481, 1376540121349, vstest.console.dll, ParallelOperationManager.SetOccupiedSlotCount: Setting slot counts AvailableSlotCount = 1, OccupiedSlotCount = 0.
TpTrace Verbose: 0 : 40012, 1, 2024/05/16, 17:46:34.481, 1376540121540, vstest.console.dll, Occupied slots:

TpTrace Verbose: 0 : 40012, 1, 2024/05/16, 17:46:34.482, 1376540129572, vstest.console.dll, TestRequestSender is acting as server.
TpTrace Verbose: 0 : 40012, 1, 2024/05/16, 17:46:34.482, 1376540135758, vstest.console.dll, ParallelOperationManager.RunWorkInParallel: Adding 1 workload to slot, remaining workloads 0.
TpTrace Verbose: 0 : 40012, 1, 2024/05/16, 17:46:34.482, 1376540136136, vstest.console.dll, ParallelOperationManager.SetOccupiedSlotCount: Setting slot counts AvailableSlotCount = 0, OccupiedSlotCount = 1.
TpTrace Verbose: 0 : 40012, 1, 2024/05/16, 17:46:34.482, 1376540136657, vstest.console.dll, Occupied slots:
0: C:\Users\melin\source\repos\UsingXUnitTest\bin\Debug\net8.0\fine-code-coverage\build-output\UsingXUnitTest.dll
TpTrace Verbose: 0 : 40012, 1, 2024/05/16, 17:46:34.483, 1376540142430, vstest.console.dll, ParallelOperationManager.RunWorkInParallel: Started host in slot number 0 for work (source): C:\Users\melin\source\repos\UsingXUnitTest\bin\Debug\net8.0\fine-code-coverage\build-output\UsingXUnitTest.dll.
TpTrace Verbose: 0 : 40012, 1, 2024/05/16, 17:46:34.484, 1376540150474, vstest.console.dll, ParallelOperationManager.RunWorkInParallel: We started 1 work items, which is the max parallel level. Won't start more work.
TpTrace Verbose: 0 : 40012, 1, 2024/05/16, 17:46:34.484, 1376540150865, vstest.console.dll, ParallelOperationManager.RunWorkInParallel: We started 1 work items in here, returning True.
TpTrace Verbose: 0 : 40012, 5, 2024/05/16, 17:46:34.484, 1376540150773, vstest.console.dll, ParallelProxyExecutionManager.StartTestRunOnConcurrentManager: Initializing uninitialized client. Started clients: 0
TpTrace Information: 0 : 40012, 1, 2024/05/16, 17:46:34.484, 1376540151050, vstest.console.dll, TestRunRequest.ExecuteAsync: Started.
TpTrace Verbose: 0 : 40012, 5, 2024/05/16, 17:46:34.484, 1376540151911, vstest.console.dll, DataCollectionRequestSender.InitializeCommunication : Initialize communication. 
TpTrace Verbose: 0 : 40012, 1, 2024/05/16, 17:46:34.484, 1376540155215, vstest.console.dll, TestRunRequest.WaitForCompletion: Waiting with timeout -1.
TpTrace Information: 0 : 40012, 5, 2024/05/16, 17:46:34.489, 1376540198599, vstest.console.dll, Listening on Endpoint : 127.0.0.1:50616
TpTrace Verbose: 0 : 40012, 5, 2024/05/16, 17:46:34.493, 1376540237528, vstest.console.dll, DotnetDataCollectionLauncher: Adding  --runtimeconfig "C:\Program Files\dotnet\sdk\8.0.202\datacollector.runtimeconfig.json" in args
TpTrace Verbose: 0 : 40012, 5, 2024/05/16, 17:46:34.493, 1376540238454, vstest.console.dll, DotnetDataCollectionLauncher: Adding  --depsfile "C:\Program Files\dotnet\sdk\8.0.202\datacollector.deps.json" in args
TpTrace Verbose: 0 : 40012, 5, 2024/05/16, 17:46:34.493, 1376540239406, vstest.console.dll, DotnetDataCollectionLauncher: Full path of dotnet.exe is C:\Program Files\dotnet\dotnet.exe
TpTrace Information: 0 : 40012, 5, 2024/05/16, 17:46:34.498, 1376540291957, vstest.console.dll, ProxyDataCollectionManager.Initialize: Launched datacollector processId: 2364 port: 50616
TpTrace Information: 0 : 40012, 5, 2024/05/16, 17:46:34.498, 1376540293094, vstest.console.dll, ProxyDataCollectionManager.Initialize: waiting for connection with timeout: 90 seconds
TpTrace Verbose: 0 : 40012, 5, 2024/05/16, 17:46:34.498, 1376540293372, vstest.console.dll, DataCollectionRequestSender.WaitForRequestHandlerConnection : Waiting for connection with timeout: 90000
TpTrace Information: 0 : 40012, 7, 2024/05/16, 17:46:34.596, 1376541270304, vstest.console.dll, Using the buffer size of 16384 bytes
TpTrace Verbose: 0 : 40012, 5, 2024/05/16, 17:46:34.596, 1376541270782, vstest.console.dll, SocketCommunicationManager.WaitForClientConnection took: 97 ms, with 90000 ms timeout, and finished with True.
TpTrace Information: 0 : 40012, 7, 2024/05/16, 17:46:34.596, 1376541271975, vstest.console.dll, Accepted Client request and set the flag
TpTrace Verbose: 0 : 40012, 5, 2024/05/16, 17:46:34.596, 1376541272319, vstest.console.dll, ProxyDataCollectionManager.InvokeDataCollectionServiceAction: Starting.
TpTrace Information: 0 : 40012, 5, 2024/05/16, 17:46:34.596, 1376541273447, vstest.console.dll, ProxyDataCollectionManager.BeforeTestRunStart: Get environment variable and port for datacollector processId: 2364 port: 50616
TpTrace Verbose: 0 : 40012, 5, 2024/05/16, 17:46:34.596, 1376541274495, vstest.console.dll, DataCollectionRequestSender.SendBeforeTestRunStartAndGetResult: Send BeforeTestRunStart message with settingsXml <RunSettings><RunConfiguration><ResultsDirectory>C:\Users\melin\source\repos\UsingXUnitTest\bin\Debug\net8.0\fine-code-coverage\coverage-tool-output</ResultsDirectory><TargetPlatform>X64</TargetPlatform><TargetFrameworkVersion>.NETCoreApp,Version=v8.0</TargetFrameworkVersion><DesignMode>False</DesignMode><CollectSourceInformation>False</CollectSourceInformation><TestAdaptersPaths>C:\Program Files\dotnet\sdk\8.0.202\Extensions</TestAdaptersPaths></RunConfiguration><LoggerRunSettings><Loggers><Logger friendlyName="blame" enabled="True" /><Logger friendlyName="Console" uri="logger://microsoft/TestPlatform/ConsoleLogger/v1" assemblyQualifiedName="Microsoft.VisualStudio.TestPlatform.CommandLine.Internal.ConsoleLogger, vstest.console, Version=15.0.0.0, Culture=neutral, PublicKeyToken=b03f5f7f11d50a3a" codeBase="C:\Program Files\dotnet\sdk\8.0.202\vstest.console.dll" enabled="True" /></Loggers></LoggerRunSettings><DataCollectionRunSettings><DataCollectors><DataCollector friendlyName="blame" enabled="True"><Configuration><ResultsDirectory>C:\Users\melin\source\repos\UsingXUnitTest\bin\Debug\net8.0\fine-code-coverage\coverage-tool-output</ResultsDirectory></Configuration></DataCollector></DataCollectors></DataCollectionRunSettings></RunSettings> and sources System.Collections.Generic.List`1[System.String]: 
TpTrace Verbose: 0 : 40012, 5, 2024/05/16, 17:46:34.626, 1376541576590, vstest.console.dll, DataCollectionRequestSender.SendBeforeTestRunStartAndGetResult: Received message: (DataCollection.SendMessage) -> {"MessageType":"DataCollection.SendMessage","Payload":{"FriendlyName":null,"Uri":null,"TestCaseId":"00000000-0000-0000-0000-000000000000","Message":"Logging DataCollector Diagnostics in file: C:\\Users\\melin\\source\\repos\\UsingXUnitTest\\bin\\Debug\\net8.0\\fine-code-coverage\\coverage-tool-output\\diagnostics.datacollector.24-05-16_17-46-34_49287_5.log","Level":0}}
TpTrace Verbose: 0 : 40012, 5, 2024/05/16, 17:46:34.679, 1376542105587, vstest.console.dll, DataCollectionRequestSender.SendBeforeTestRunStartAndGetResult: Received message: (DataCollection.BeforeTestRunStartResult) -> {"MessageType":"DataCollection.BeforeTestRunStartResult","Payload":{"EnvironmentVariables":{},"DataCollectionEventsPort":50618}}
TpTrace Information: 0 : 40012, 5, 2024/05/16, 17:46:34.682, 1376542129880, vstest.console.dll, ProxyDataCollectionManager.BeforeTestRunStart: SendBeforeTestRunStartAndGetResult successful, env variable from datacollector:   and testhost port: 50618
TpTrace Information: 0 : 40012, 5, 2024/05/16, 17:46:34.682, 1376542130467, vstest.console.dll, ProxyDataCollectionManager.InvokeDataCollectionServiceAction: Completed.
TpTrace Verbose: 0 : 40012, 5, 2024/05/16, 17:46:34.682, 1376542130654, vstest.console.dll, ParallelProxyExecutionManager.StartTestRunOnConcurrentManager: Initializing test run. Started clients: 0
TpTrace Verbose: 0 : 40012, 5, 2024/05/16, 17:46:34.682, 1376542131167, vstest.console.dll, ProxyExecutionManager: Test host is always Lazy initialize.
TpTrace Verbose: 0 : 40012, 5, 2024/05/16, 17:46:34.682, 1376542132477, vstest.console.dll, TestRequestSender.InitializeCommunication: initialize communication. 
TpTrace Information: 0 : 40012, 5, 2024/05/16, 17:46:34.682, 1376542135848, vstest.console.dll, SocketServer.Start: Listening on endpoint : 127.0.0.1:50619
TpTrace Verbose: 0 : 40012, 5, 2024/05/16, 17:46:34.683, 1376542140561, vstest.console.dll, DotnetTestHostmanager.GetTestHostProcessStartInfo: Platform environment 'X64' target architecture 'X64' framework '.NETCoreApp,Version=v8.0' OS 'Windows'
TpTrace Verbose: 0 : 40012, 5, 2024/05/16, 17:46:34.683, 1376542142189, vstest.console.dll, DotnetTestHostmanager: Adding  --runtimeconfig "C:\Users\melin\source\repos\UsingXUnitTest\bin\Debug\net8.0\fine-code-coverage\build-output\UsingXUnitTest.runtimeconfig.json" in args
TpTrace Verbose: 0 : 40012, 5, 2024/05/16, 17:46:34.683, 1376542142654, vstest.console.dll, DotnetTestHostmanager: Adding  --depsfile "C:\Users\melin\source\repos\UsingXUnitTest\bin\Debug\net8.0\fine-code-coverage\build-output\UsingXUnitTest.deps.json" in args
TpTrace Verbose: 0 : 40012, 5, 2024/05/16, 17:46:34.683, 1376542143590, vstest.console.dll, DotnetTestHostmanager.IsWinOnArm: Current PROCESSOR_ARCHITECTURE from environment variable 'AMD64'
TpTrace Verbose: 0 : 40012, 5, 2024/05/16, 17:46:34.683, 1376542143878, vstest.console.dll, DotnetTestHostmanager.IsWinOnArm: Is Windows on ARM 'False'
TpTrace Verbose: 0 : 40012, 5, 2024/05/16, 17:46:34.683, 1376542144348, vstest.console.dll, DotnetTestHostManager: testhost.exe found at path: C:\Users\melin\source\repos\UsingXUnitTest\bin\Debug\net8.0\fine-code-coverage\build-output\testhost.exe
TpTrace Verbose: 0 : 40012, 5, 2024/05/16, 17:46:34.683, 1376542144502, vstest.console.dll, DotnetTestHostmanager: Full path of host exe is C:\Users\melin\source\repos\UsingXUnitTest\bin\Debug\net8.0\fine-code-coverage\build-output\testhost.exe
TpTrace Verbose: 0 : 40012, 5, 2024/05/16, 17:46:34.683, 1376542145101, vstest.console.dll, DotnetTestHostmanager.LaunchTestHostAsync: Found 'VSTEST_WINAPPHOST_DOTNET_ROOT' in env variables, value 'C:\Program Files\dotnet', forwarding to 'DOTNET_ROOT'
TpTrace Verbose: 0 : 40012, 5, 2024/05/16, 17:46:34.683, 1376542145763, vstest.console.dll, DotnetTestHostManager: Starting process 'C:\Users\melin\source\repos\UsingXUnitTest\bin\Debug\net8.0\fine-code-coverage\build-output\testhost.exe' with command line ' --runtimeconfig "C:\Users\melin\source\repos\UsingXUnitTest\bin\Debug\net8.0\fine-code-coverage\build-output\UsingXUnitTest.runtimeconfig.json" --depsfile "C:\Users\melin\source\repos\UsingXUnitTest\bin\Debug\net8.0\fine-code-coverage\build-output\UsingXUnitTest.deps.json" --port 50619 --endpoint 127.0.0.1:050619 --role client --parentprocessid 40012 --diag "C:\Users\melin\source\repos\UsingXUnitTest\bin\Debug\net8.0\fine-code-coverage\coverage-tool-output\diagnostics.host.24-05-16_17-46-34_68309_5.log" --tracelevel 4 --datacollectionport 50618 --telemetryoptedin false'
TpTrace Verbose: 0 : 40012, 5, 2024/05/16, 17:46:34.688, 1376542190749, vstest.console.dll, MulticastDelegateUtilities.SafeInvoke: HostProviderEvents.OnHostLaunched: Invoking callback 1/2 for Microsoft.VisualStudio.TestPlatform.CrossPlatEngine.Client.ProxyExecutionManagerWithDataCollection., took 0 ms.
TpTrace Verbose: 0 : 40012, 5, 2024/05/16, 17:46:34.688, 1376542192863, vstest.console.dll, Test Runtime launched
TpTrace Verbose: 0 : 40012, 5, 2024/05/16, 17:46:34.688, 1376542193221, vstest.console.dll, MulticastDelegateUtilities.SafeInvoke: HostProviderEvents.OnHostLaunched: Invoking callback 2/2 for Microsoft.VisualStudio.TestPlatform.CrossPlatEngine.Client.ProxyOperationManager., took 0 ms.
TpTrace Verbose: 0 : 40012, 5, 2024/05/16, 17:46:34.688, 1376542193959, vstest.console.dll, TestRequestSender.WaitForRequestHandlerConnection: waiting for connection with timeout: 90000.
TpTrace Verbose: 0 : 40012, 5, 2024/05/16, 17:46:34.901, 1376544318159, vstest.console.dll, TestRequestSender.WaitForRequestHandlerConnection: waiting took 212 ms, with timeout 90000 ms, and result 0, which is success.
TpTrace Verbose: 0 : 40012, 12, 2024/05/16, 17:46:34.901, 1376544318158, vstest.console.dll, MulticastDelegateUtilities.SafeInvoke: SocketServer: ClientConnected: Invoking callback 1/1 for Microsoft.VisualStudio.TestPlatform.CommunicationUtilities.TestRequestSender., took 0 ms.
TpTrace Verbose: 0 : 40012, 12, 2024/05/16, 17:46:34.901, 1376544320330, vstest.console.dll, SocketServer.OnClientConnected: Client connected for endPoint: 127.0.0.1:50619, starting MessageLoopAsync:
TpTrace Verbose: 0 : 40012, 12, 2024/05/16, 17:46:34.901, 1376544324828, vstest.console.dll, TcpClientExtensions.MessageLoopAsync: Polling on remoteEndPoint: 127.0.0.1:50620 localEndPoint: 127.0.0.1:50619 after 0 ms
TpTrace Verbose: 0 : 40012, 5, 2024/05/16, 17:46:34.902, 1376544329802, vstest.console.dll, TestRequestSender.CheckVersionWithTestHost: Sending check version message: {"MessageType":"ProtocolVersion","Payload":7}
TpTrace Verbose: 0 : 40012, 12, 2024/05/16, 17:46:34.970, 1376545015195, vstest.console.dll, TcpClientExtensions.MessageLoopAsync: NotifyDataAvailable remoteEndPoint: 127.0.0.1:50620 localEndPoint: 127.0.0.1:50619
TpTrace Verbose: 0 : 40012, 12, 2024/05/16, 17:46:34.971, 1376545017296, vstest.console.dll, TestRequestSender.CheckVersionWithTestHost: onMessageReceived received message: (ProtocolVersion) -> {"MessageType":"ProtocolVersion","Payload":7}
TpTrace Verbose: 0 : 40012, 12, 2024/05/16, 17:46:34.973, 1376545039528, vstest.console.dll, MulticastDelegateUtilities.SafeInvoke: LengthPrefixCommunicationChannel: MessageReceived: Invoking callback 1/1 for Microsoft.VisualStudio.TestPlatform.CommunicationUtilities.TestRequestSender+<>c__DisplayClass29_0., took 2 ms.
TpTrace Verbose: 0 : 40012, 12, 2024/05/16, 17:46:34.973, 1376545040443, vstest.console.dll, TcpClientExtensions.MessageLoopAsync: Polling on remoteEndPoint: 127.0.0.1:50620 localEndPoint: 127.0.0.1:50619 after 71 ms
TpTrace Verbose: 0 : 40012, 5, 2024/05/16, 17:46:34.973, 1376545040923, vstest.console.dll, TestPluginCache.GetExtensionPaths: Filtered extension paths: 
TpTrace Verbose: 0 : 40012, 5, 2024/05/16, 17:46:34.973, 1376545041442, vstest.console.dll, TestPluginCache.GetExtensionPaths: Added default extension paths: C:\Program Files\dotnet\sdk\8.0.202\Extensions\Microsoft.Diagnostics.NETCore.Client.dll
C:\Program Files\dotnet\sdk\8.0.202\Extensions\Microsoft.TestPlatform.Extensions.BlameDataCollector.dll
C:\Program Files\dotnet\sdk\8.0.202\Extensions\Microsoft.TestPlatform.Extensions.EventLogCollector.dll
C:\Program Files\dotnet\sdk\8.0.202\Extensions\Microsoft.TestPlatform.TestHostRuntimeProvider.dll
C:\Program Files\dotnet\sdk\8.0.202\Extensions\Microsoft.VisualStudio.TestPlatform.Extensions.Html.TestLogger.dll
C:\Program Files\dotnet\sdk\8.0.202\Extensions\Microsoft.VisualStudio.TestPlatform.Extensions.Trx.TestLogger.dll
TpTrace Verbose: 0 : 40012, 5, 2024/05/16, 17:46:34.973, 1376545042087, vstest.console.dll, TestPluginCache.GetExtensionPaths: Added unfilterableExtensionPaths: 
TpTrace Verbose: 0 : 40012, 5, 2024/05/16, 17:46:34.975, 1376545058735, vstest.console.dll, TestRequestSender.InitializeExecution: Sending initialize execution with message: {"Version":7,"MessageType":"TestExecution.Initialize","Payload":["C:\\Users\\melin\\source\\repos\\UsingXUnitTest\\bin\\Debug\\net8.0\\fine-code-coverage\\build-output\\xunit.runner.visualstudio.dotnetcore.testadapter.dll"]}
TpTrace Verbose: 0 : 40012, 5, 2024/05/16, 17:46:34.975, 1376545059957, vstest.console.dll, ParallelProxyExecutionManager.StartTestRunOnConcurrentManager: Execution starting. Started clients: 1
TpTrace Verbose: 0 : 40012, 5, 2024/05/16, 17:46:34.975, 1376545061320, vstest.console.dll, TestRunRequest:SendTestRunMessage: Starting.
TpTrace Verbose: 0 : 40012, 5, 2024/05/16, 17:46:34.975, 1376545062466, vstest.console.dll, MulticastDelegateUtilities.SafeInvoke: TestRun.LogMessages: Invoking callback 1/1 for Microsoft.VisualStudio.TestPlatform.CommandLine.TestRunResultAggregator., took 0 ms.
TpTrace Information: 0 : 40012, 5, 2024/05/16, 17:46:34.975, 1376545062744, vstest.console.dll, TestRunRequest:SendTestRunMessage: Completed.
TpTrace Verbose: 0 : 40012, 4, 2024/05/16, 17:46:34.975, 1376545064644, vstest.console.dll, MulticastDelegateUtilities.SafeInvoke: InternalTestLoggerEvents.SendTestRunMessage: Invoking callback 1/1 for Microsoft.VisualStudio.TestPlatform.CommandLine.Internal.ConsoleLogger., took 0 ms.
TpTrace Warning: 0 : 40012, 5, 2024/05/16, 17:46:34.975, 1376545065378, vstest.console.dll, InferRunSettingsHelper.MakeRunsettingsCompatible: Removing the following settings: TargetPlatform from RunSettings file. To use those settings please move to latest version of Microsoft.NET.Test.Sdk
TpTrace Verbose: 0 : 40012, 5, 2024/05/16, 17:46:34.981, 1376545118282, vstest.console.dll, TestRequestSender.StartTestRun: Sending test run with message: {"Version":7,"MessageType":"TestExecution.StartWithSources","Payload":{"AdapterSourceMap":{"_none_":["C:\\Users\\melin\\source\\repos\\UsingXUnitTest\\bin\\Debug\\net8.0\\fine-code-coverage\\build-output\\UsingXUnitTest.dll"]},"RunSettings":"<RunSettings>\r\n  <RunConfiguration>\r\n    <ResultsDirectory>C:\\Users\\melin\\source\\repos\\UsingXUnitTest\\bin\\Debug\\net8.0\\fine-code-coverage\\coverage-tool-output</ResultsDirectory>\r\n    <TargetFrameworkVersion>.NETCoreApp,Version=v8.0</TargetFrameworkVersion>\r\n    <DesignMode>False</DesignMode>\r\n    <CollectSourceInformation>False</CollectSourceInformation>\r\n  </RunConfiguration>\r\n  <LoggerRunSettings>\r\n    <Loggers>\r\n      <Logger friendlyName=\"blame\" enabled=\"True\" />\r\n      <Logger friendlyName=\"Console\" uri=\"logger://microsoft/TestPlatform/ConsoleLogger/v1\" assemblyQualifiedName=\"Microsoft.VisualStudio.TestPlatform.CommandLine.Internal.ConsoleLogger, vstest.console, Version=15.0.0.0, Culture=neutral, PublicKeyToken=b03f5f7f11d50a3a\" codeBase=\"C:\\Program Files\\dotnet\\sdk\\8.0.202\\vstest.console.dll\" enabled=\"True\" />\r\n    </Loggers>\r\n  </LoggerRunSettings>\r\n  <DataCollectionRunSettings>\r\n    <DataCollectors>\r\n      <DataCollector friendlyName=\"blame\" enabled=\"True\">\r\n        <Configuration>\r\n          <ResultsDirectory>C:\\Users\\melin\\source\\repos\\UsingXUnitTest\\bin\\Debug\\net8.0\\fine-code-coverage\\coverage-tool-output</ResultsDirectory>\r\n        </Configuration>\r\n      </DataCollector>\r\n    </DataCollectors>\r\n  </DataCollectionRunSettings>\r\n</RunSettings>","TestExecutionContext":{"FrequencyOfRunStatsChangeEvent":10,"RunStatsChangeEventTimeout":"00:00:01.5000000","InIsolation":false,"KeepAlive":false,"AreTestCaseLevelEventsRequired":false,"IsDebug":false,"TestCaseFilter":null,"FilterOptions":null},"Package":null}}
TpTrace Verbose: 0 : 40012, 5, 2024/05/16, 17:46:34.981, 1376545119978, vstest.console.dll, ParallelProxyExecutionManager.StartTestRunOnConcurrentManager: Execution started. Started clients: 1
TpTrace Verbose: 0 : 40012, 12, 2024/05/16, 17:46:34.982, 1376545132131, vstest.console.dll, TcpClientExtensions.MessageLoopAsync: NotifyDataAvailable remoteEndPoint: 127.0.0.1:50620 localEndPoint: 127.0.0.1:50619
TpTrace Verbose: 0 : 40012, 12, 2024/05/16, 17:46:34.982, 1376545134629, vstest.console.dll, TestRequestSender.OnExecutionMessageReceived: Received message: {"Version":7,"MessageType":"TestSession.Message","Payload":{"MessageLevel":0,"Message":"Registrando diagnstico de TestHost en el archivo: C:\\Users\\melin\\source\\repos\\UsingXUnitTest\\bin\\Debug\\net8.0\\fine-code-coverage\\coverage-tool-output\\diagnostics.host.24-05-16_17-46-34_68309_5.log"}}
TpTrace Verbose: 0 : 40012, 12, 2024/05/16, 17:46:34.984, 1376545153555, vstest.console.dll, TestRunRequest:SendTestRunMessage: Starting.
TpTrace Verbose: 0 : 40012, 12, 2024/05/16, 17:46:34.984, 1376545154489, vstest.console.dll, MulticastDelegateUtilities.SafeInvoke: TestRun.LogMessages: Invoking callback 1/1 for Microsoft.VisualStudio.TestPlatform.CommandLine.TestRunResultAggregator., took 0 ms.
TpTrace Information: 0 : 40012, 12, 2024/05/16, 17:46:34.984, 1376545154717, vstest.console.dll, TestRunRequest:SendTestRunMessage: Completed.
TpTrace Verbose: 0 : 40012, 12, 2024/05/16, 17:46:34.984, 1376545154922, vstest.console.dll, MulticastDelegateUtilities.SafeInvoke: LengthPrefixCommunicationChannel: MessageReceived: Invoking callback 1/1 for Microsoft.VisualStudio.TestPlatform.CommunicationUtilities.TestRequestSender+<>c__DisplayClass34_0., took 2 ms.
TpTrace Verbose: 0 : 40012, 12, 2024/05/16, 17:46:34.984, 1376545155090, vstest.console.dll, TcpClientExtensions.MessageLoopAsync: Polling on remoteEndPoint: 127.0.0.1:50620 localEndPoint: 127.0.0.1:50619 after 11 ms
TpTrace Verbose: 0 : 40012, 4, 2024/05/16, 17:46:34.984, 1376545155134, vstest.console.dll, MulticastDelegateUtilities.SafeInvoke: InternalTestLoggerEvents.SendTestRunMessage: Invoking callback 1/1 for Microsoft.VisualStudio.TestPlatform.CommandLine.Internal.ConsoleLogger., took 0 ms.
TpTrace Verbose: 0 : 40012, 12, 2024/05/16, 17:46:35.068, 1376545989910, vstest.console.dll, TcpClientExtensions.MessageLoopAsync: NotifyDataAvailable remoteEndPoint: 127.0.0.1:50620 localEndPoint: 127.0.0.1:50619
TpTrace Verbose: 0 : 40012, 12, 2024/05/16, 17:46:35.068, 1376545991355, vstest.console.dll, TestRequestSender.OnExecutionMessageReceived: Received message: {"Version":7,"MessageType":"TestSession.Message","Payload":{"MessageLevel":0,"Message":"[xUnit.net 00:00:00.00] xUnit.net VSTest Adapter v2.5.3.1+6b60a9e56a (64-bit .NET 8.0.3)"}}
TpTrace Verbose: 0 : 40012, 12, 2024/05/16, 17:46:35.068, 1376545992736, vstest.console.dll, TestRunRequest:SendTestRunMessage: Starting.
TpTrace Verbose: 0 : 40012, 12, 2024/05/16, 17:46:35.068, 1376545993167, vstest.console.dll, MulticastDelegateUtilities.SafeInvoke: TestRun.LogMessages: Invoking callback 1/1 for Microsoft.VisualStudio.TestPlatform.CommandLine.TestRunResultAggregator., took 0 ms.
TpTrace Information: 0 : 40012, 12, 2024/05/16, 17:46:35.068, 1376545993411, vstest.console.dll, TestRunRequest:SendTestRunMessage: Completed.
TpTrace Verbose: 0 : 40012, 12, 2024/05/16, 17:46:35.068, 1376545993563, vstest.console.dll, MulticastDelegateUtilities.SafeInvoke: LengthPrefixCommunicationChannel: MessageReceived: Invoking callback 1/1 for Microsoft.VisualStudio.TestPlatform.CommunicationUtilities.TestRequestSender+<>c__DisplayClass34_0., took 0 ms.
TpTrace Verbose: 0 : 40012, 12, 2024/05/16, 17:46:35.068, 1376545993726, vstest.console.dll, TcpClientExtensions.MessageLoopAsync: Polling on remoteEndPoint: 127.0.0.1:50620 localEndPoint: 127.0.0.1:50619 after 83 ms
TpTrace Verbose: 0 : 40012, 4, 2024/05/16, 17:46:35.068, 1376545994987, vstest.console.dll, MulticastDelegateUtilities.SafeInvoke: InternalTestLoggerEvents.SendTestRunMessage: Invoking callback 1/1 for Microsoft.VisualStudio.TestPlatform.CommandLine.Internal.ConsoleLogger., took 0 ms.
TpTrace Verbose: 0 : 40012, 12, 2024/05/16, 17:46:35.118, 1376546493952, vstest.console.dll, TcpClientExtensions.MessageLoopAsync: NotifyDataAvailable remoteEndPoint: 127.0.0.1:50620 localEndPoint: 127.0.0.1:50619
TpTrace Verbose: 0 : 40012, 12, 2024/05/16, 17:46:35.118, 1376546495638, vstest.console.dll, TestRequestSender.OnExecutionMessageReceived: Received message: {"Version":7,"MessageType":"TestSession.Message","Payload":{"MessageLevel":0,"Message":"[xUnit.net 00:00:00.05]   Discovering: UsingXUnitTest"}}
TpTrace Verbose: 0 : 40012, 12, 2024/05/16, 17:46:35.118, 1376546497009, vstest.console.dll, TestRunRequest:SendTestRunMessage: Starting.
TpTrace Verbose: 0 : 40012, 12, 2024/05/16, 17:46:35.119, 1376546497658, vstest.console.dll, MulticastDelegateUtilities.SafeInvoke: TestRun.LogMessages: Invoking callback 1/1 for Microsoft.VisualStudio.TestPlatform.CommandLine.TestRunResultAggregator., took 0 ms.
TpTrace Information: 0 : 40012, 12, 2024/05/16, 17:46:35.119, 1376546498157, vstest.console.dll, TestRunRequest:SendTestRunMessage: Completed.
TpTrace Verbose: 0 : 40012, 12, 2024/05/16, 17:46:35.119, 1376546498539, vstest.console.dll, MulticastDelegateUtilities.SafeInvoke: LengthPrefixCommunicationChannel: MessageReceived: Invoking callback 1/1 for Microsoft.VisualStudio.TestPlatform.CommunicationUtilities.TestRequestSender+<>c__DisplayClass34_0., took 0 ms.
TpTrace Verbose: 0 : 40012, 12, 2024/05/16, 17:46:35.119, 1376546498893, vstest.console.dll, TcpClientExtensions.MessageLoopAsync: Polling on remoteEndPoint: 127.0.0.1:50620 localEndPoint: 127.0.0.1:50619 after 50 ms
TpTrace Verbose: 0 : 40012, 4, 2024/05/16, 17:46:35.119, 1376546499566, vstest.console.dll, MulticastDelegateUtilities.SafeInvoke: InternalTestLoggerEvents.SendTestRunMessage: Invoking callback 1/1 for Microsoft.VisualStudio.TestPlatform.CommandLine.Internal.ConsoleLogger., took 0 ms.
TpTrace Verbose: 0 : 40012, 12, 2024/05/16, 17:46:35.152, 1376546833240, vstest.console.dll, TcpClientExtensions.MessageLoopAsync: NotifyDataAvailable remoteEndPoint: 127.0.0.1:50620 localEndPoint: 127.0.0.1:50619
TpTrace Verbose: 0 : 40012, 12, 2024/05/16, 17:46:35.152, 1376546834793, vstest.console.dll, TestRequestSender.OnExecutionMessageReceived: Received message: {"Version":7,"MessageType":"TestSession.Message","Payload":{"MessageLevel":0,"Message":"[xUnit.net 00:00:00.08]   Discovered:  UsingXUnitTest"}}
TpTrace Verbose: 0 : 40012, 12, 2024/05/16, 17:46:35.152, 1376546836390, vstest.console.dll, TestRunRequest:SendTestRunMessage: Starting.
TpTrace Verbose: 0 : 40012, 12, 2024/05/16, 17:46:35.153, 1376546837146, vstest.console.dll, MulticastDelegateUtilities.SafeInvoke: TestRun.LogMessages: Invoking callback 1/1 for Microsoft.VisualStudio.TestPlatform.CommandLine.TestRunResultAggregator., took 0 ms.
TpTrace Information: 0 : 40012, 12, 2024/05/16, 17:46:35.153, 1376546837358, vstest.console.dll, TestRunRequest:SendTestRunMessage: Completed.
TpTrace Verbose: 0 : 40012, 12, 2024/05/16, 17:46:35.153, 1376546837590, vstest.console.dll, MulticastDelegateUtilities.SafeInvoke: LengthPrefixCommunicationChannel: MessageReceived: Invoking callback 1/1 for Microsoft.VisualStudio.TestPlatform.CommunicationUtilities.TestRequestSender+<>c__DisplayClass34_0., took 0 ms.
TpTrace Verbose: 0 : 40012, 4, 2024/05/16, 17:46:35.153, 1376546837539, vstest.console.dll, MulticastDelegateUtilities.SafeInvoke: InternalTestLoggerEvents.SendTestRunMessage: Invoking callback 1/1 for Microsoft.VisualStudio.TestPlatform.CommandLine.Internal.ConsoleLogger., took 0 ms.
TpTrace Verbose: 0 : 40012, 12, 2024/05/16, 17:46:35.153, 1376546837813, vstest.console.dll, TcpClientExtensions.MessageLoopAsync: Polling on remoteEndPoint: 127.0.0.1:50620 localEndPoint: 127.0.0.1:50619 after 33 ms
TpTrace Verbose: 0 : 40012, 12, 2024/05/16, 17:46:35.154, 1376546851432, vstest.console.dll, TcpClientExtensions.MessageLoopAsync: NotifyDataAvailable remoteEndPoint: 127.0.0.1:50620 localEndPoint: 127.0.0.1:50619
TpTrace Verbose: 0 : 40012, 12, 2024/05/16, 17:46:35.154, 1376546852503, vstest.console.dll, TestRequestSender.OnExecutionMessageReceived: Received message: {"Version":7,"MessageType":"TestSession.Message","Payload":{"MessageLevel":0,"Message":"[xUnit.net 00:00:00.08]   Starting:    UsingXUnitTest"}}
TpTrace Verbose: 0 : 40012, 12, 2024/05/16, 17:46:35.154, 1376546853669, vstest.console.dll, TestRunRequest:SendTestRunMessage: Starting.
TpTrace Verbose: 0 : 40012, 12, 2024/05/16, 17:46:35.154, 1376546854370, vstest.console.dll, MulticastDelegateUtilities.SafeInvoke: TestRun.LogMessages: Invoking callback 1/1 for Microsoft.VisualStudio.TestPlatform.CommandLine.TestRunResultAggregator., took 0 ms.
TpTrace Information: 0 : 40012, 12, 2024/05/16, 17:46:35.154, 1376546854990, vstest.console.dll, TestRunRequest:SendTestRunMessage: Completed.
TpTrace Verbose: 0 : 40012, 4, 2024/05/16, 17:46:35.154, 1376546855237, vstest.console.dll, MulticastDelegateUtilities.SafeInvoke: InternalTestLoggerEvents.SendTestRunMessage: Invoking callback 1/1 for Microsoft.VisualStudio.TestPlatform.CommandLine.Internal.ConsoleLogger., took 0 ms.
TpTrace Verbose: 0 : 40012, 12, 2024/05/16, 17:46:35.154, 1376546855327, vstest.console.dll, MulticastDelegateUtilities.SafeInvoke: LengthPrefixCommunicationChannel: MessageReceived: Invoking callback 1/1 for Microsoft.VisualStudio.TestPlatform.CommunicationUtilities.TestRequestSender+<>c__DisplayClass34_0., took 0 ms.
TpTrace Verbose: 0 : 40012, 12, 2024/05/16, 17:46:35.154, 1376546856929, vstest.console.dll, TcpClientExtensions.MessageLoopAsync: Polling on remoteEndPoint: 127.0.0.1:50620 localEndPoint: 127.0.0.1:50619 after 1 ms
TpTrace Verbose: 0 : 40012, 12, 2024/05/16, 17:46:35.272, 1376548035221, vstest.console.dll, TcpClientExtensions.MessageLoopAsync: NotifyDataAvailable remoteEndPoint: 127.0.0.1:50620 localEndPoint: 127.0.0.1:50619
TpTrace Verbose: 0 : 40012, 12, 2024/05/16, 17:46:35.273, 1376548038887, vstest.console.dll, TestRequestSender.OnExecutionMessageReceived: Received message: {"Version":7,"MessageType":"TestExecution.StatsChange","Payload":{"NewTestResults":[{"TestCase":{"Id":"62159901-ebc7-4513-26ef-6bdc4f015457","FullyQualifiedName":"UsingXUnitTest.StringOperationTest.GetStringLength_Exception","DisplayName":"UsingXUnitTest.StringOperationTest.GetStringLength_Exception","ExecutorUri":"executor://xunit/VsTestRunner2/netcoreapp","Source":"C:\\Users\\melin\\source\\repos\\UsingXUnitTest\\bin\\Debug\\net8.0\\fine-code-coverage\\build-output\\UsingXUnitTest.dll","CodeFilePath":null,"LineNumber":0,"Properties":[]},"Attachments":[],"Outcome":1,"ErrorMessage":null,"ErrorStackTrace":null,"DisplayName":"UsingXUnitTest.StringOperationTest.GetStringLength_Exception","Messages":[],"ComputerName":"MELYGON","Duration":"00:00:00.0053003","StartTime":"2024-05-16T20:46:35.1984379+00:00","EndTime":"2024-05-16T20:46:35.1984494+00:00","Properties":[]},{"TestCase":{"Id":"4ec79aa1-ed15-222c-8381-cc6525250fe2","FullyQualifiedName":"UsingXUnitTest.StringOperationTest.GetStringLength","DisplayName":"UsingXUnitTest.StringOperationTest.GetStringLength","ExecutorUri":"executor://xunit/VsTestRunner2/netcoreapp","Source":"C:\\Users\\melin\\source\\repos\\UsingXUnitTest\\bin\\Debug\\net8.0\\fine-code-coverage\\build-output\\UsingXUnitTest.dll","CodeFilePath":null,"LineNumber":0,"Properties":[]},"Attachments":[],"Outcome":1,"ErrorMessage":null,"ErrorStackTrace":null,"DisplayName":"UsingXUnitTest.StringOperationTest.GetStringLength","Messages":[],"ComputerName":"MELYGON","Duration":"00:00:00.0023852","StartTime":"2024-05-16T20:46:35.2122604+00:00","EndTime":"2024-05-16T20:46:35.2122605+00:00","Properties":[]},{"TestCase":{"Id":"ec6527c4-1ce6-a1c6-9408-738dc608e319","FullyQualifiedName":"UsingXUnitTest.StringOperationTest.FromRomanToNumber","DisplayName":"UsingXUnitTest.StringOperationTest.FromRomanToNumber(romanNumber: \"M\", expected: 1000)","ExecutorUri":"executor://xunit/VsTestRunner2/netcoreapp","Source":"C:\\Users\\melin\\source\\repos\\UsingXUnitTest\\bin\\Debug\\net8.0\\fine-code-coverage\\build-output\\UsingXUnitTest.dll","CodeFilePath":null,"LineNumber":0,"Properties":[]},"Attachments":[],"Outcome":1,"ErrorMessage":null,"ErrorStackTrace":null,"DisplayName":"UsingXUnitTest.StringOperationTest.FromRomanToNumber(romanNumber: \"M\", expected: 1000)","Messages":[],"ComputerName":"MELYGON","Duration":"00:00:00.0142460","StartTime":"2024-05-16T20:46:35.2157043+00:00","EndTime":"2024-05-16T20:46:35.2157044+00:00","Properties":[]},{"TestCase":{"Id":"3e61c5ea-4948-0669-ffb9-1a5ab17bd14e","FullyQualifiedName":"UsingXUnitTest.StringOperationTest.FromRomanToNumber","DisplayName":"UsingXUnitTest.StringOperationTest.FromRomanToNumber(romanNumber: \"III\", expected: 3)","ExecutorUri":"executor://xunit/VsTestRunner2/netcoreapp","Source":"C:\\Users\\melin\\source\\repos\\UsingXUnitTest\\bin\\Debug\\net8.0\\fine-code-coverage\\build-output\\UsingXUnitTest.dll","CodeFilePath":null,"LineNumber":0,"Properties":[]},"Attachments":[],"Outcome":1,"ErrorMessage":null,"ErrorStackTrace":null,"DisplayName":"UsingXUnitTest.StringOperationTest.FromRomanToNumber(romanNumber: \"III\", expected: 3)","Messages":[],"ComputerName":"MELYGON","Duration":"00:00:00.0001832","StartTime":"2024-05-16T20:46:35.2176267+00:00","EndTime":"2024-05-16T20:46:35.2176268+00:00","Properties":[]},{"TestCase":{"Id":"f974f791-7e51-07bd-aaa9-6fa728e9cbb3","FullyQualifiedName":"UsingXUnitTest.StringOperationTest.FromRomanToNumber","DisplayName":"UsingXUnitTest.StringOperationTest.FromRomanToNumber(romanNumber: \"V\", expected: 5)","ExecutorUri":"executor://xunit/VsTestRunner2/netcoreapp","Source":"C:\\Users\\melin\\source\\repos\\UsingXUnitTest\\bin\\Debug\\net8.0\\fine-code-coverage\\build-output\\UsingXUnitTest.dll","CodeFilePath":null,"LineNumber":0,"Properties":[]},"Attachments":[],"Outcome":1,"ErrorMessage":null,"ErrorStackTrace":null,"DisplayName":"UsingXUnitTest.StringOperationTest.FromRomanToNumber(romanNumber: \"V\", expected: 5)","Messages":[],"ComputerName":"MELYGON","Duration":"00:00:00.0000097","StartTime":"2024-05-16T20:46:35.219521+00:00","EndTime":"2024-05-16T20:46:35.2195213+00:00","Properties":[]},{"TestCase":{"Id":"56844c80-5523-6991-4030-a842e9256222","FullyQualifiedName":"UsingXUnitTest.StringOperationTest.ReadFile","DisplayName":"UsingXUnitTest.StringOperationTest.ReadFile","ExecutorUri":"executor://xunit/VsTestRunner2/netcoreapp","Source":"C:\\Users\\melin\\source\\repos\\UsingXUnitTest\\bin\\Debug\\net8.0\\fine-code-coverage\\build-output\\UsingXUnitTest.dll","CodeFilePath":null,"LineNumber":0,"Properties":[]},"Attachments":[],"Outcome":1,"ErrorMessage":null,"ErrorStackTrace":null,"DisplayName":"UsingXUnitTest.StringOperationTest.ReadFile","Messages":[],"ComputerName":"MELYGON","Duration":"00:00:00.0354064","StartTime":"2024-05-16T20:46:35.241422+00:00","EndTime":"2024-05-16T20:46:35.2414223+00:00","Properties":[]},{"TestCase":{"Id":"406b5039-05d0-1a90-a744-01a79c2d4058","FullyQualifiedName":"UsingXUnitTest.StringOperationTest.CountOcurrences","DisplayName":"UsingXUnitTest.StringOperationTest.CountOcurrences","ExecutorUri":"executor://xunit/VsTestRunner2/netcoreapp","Source":"C:\\Users\\melin\\source\\repos\\UsingXUnitTest\\bin\\Debug\\net8.0\\fine-code-coverage\\build-output\\UsingXUnitTest.dll","CodeFilePath":null,"LineNumber":0,"Properties":[]},"Attachments":[],"Outcome":1,"ErrorMessage":null,"ErrorStackTrace":null,"DisplayName":"UsingXUnitTest.StringOperationTest.CountOcurrences","Messages":[],"ComputerName":"MELYGON","Duration":"00:00:00.0060032","StartTime":"2024-05-16T20:46:35.2474091+00:00","EndTime":"2024-05-16T20:46:35.2474094+00:00","Properties":[]},{"TestCase":{"Id":"ea3d5826-1282-efb4-1c3e-e8b97bbeaca0","FullyQualifiedName":"UsingXUnitTest.StringOperationTest.TruncateString","DisplayName":"UsingXUnitTest.StringOperationTest.TruncateString","ExecutorUri":"executor://xunit/VsTestRunner2/netcoreapp","Source":"C:\\Users\\melin\\source\\repos\\UsingXUnitTest\\bin\\Debug\\net8.0\\fine-code-coverage\\build-output\\UsingXUnitTest.dll","CodeFilePath":null,"LineNumber":0,"Properties":[]},"Attachments":[],"Outcome":1,"ErrorMessage":null,"ErrorStackTrace":null,"DisplayName":"UsingXUnitTest.StringOperationTest.TruncateString","Messages":[],"ComputerName":"MELYGON","Duration":"00:00:00.0004684","StartTime":"2024-05-16T20:46:35.250994+00:00","EndTime":"2024-05-16T20:46:35.2509941+00:00","Properties":[]},{"TestCase":{"Id":"dd5e90a5-72e3-d77b-c8b2-242718f0bc40","FullyQualifiedName":"UsingXUnitTest.StringOperationTest.ReadFile_ParameterIsAny","DisplayName":"UsingXUnitTest.StringOperationTest.ReadFile_ParameterIsAny","ExecutorUri":"executor://xunit/VsTestRunner2/netcoreapp","Source":"C:\\Users\\melin\\source\\repos\\UsingXUnitTest\\bin\\Debug\\net8.0\\fine-code-coverage\\build-output\\UsingXUnitTest.dll","CodeFilePath":null,"LineNumber":0,"Properties":[]},"Attachments":[],"Outcome":1,"ErrorMessage":null,"ErrorStackTrace":null,"DisplayName":"UsingXUnitTest.StringOperationTest.ReadFile_ParameterIsAny","Messages":[],"ComputerName":"MELYGON","Duration":"00:00:00.0090799","StartTime":"2024-05-16T20:46:35.2571334+00:00","EndTime":"2024-05-16T20:46:35.2571335+00:00","Properties":[]}],"TestRunStatistics":{"ExecutedTests":9,"Stats":{"Passed":9}},"ActiveTests":[{"Id":"bcd3bfda-07c5-d653-b237-72a14303d11b","FullyQualifiedName":"UsingXUnitTest.StringOperationTest.TruncateString_Exception","DisplayName":"UsingXUnitTest.StringOperationTest.TruncateString_Exception","ExecutorUri":"executor://xunit/VsTestRunner2/netcoreapp","Source":"C:\\Users\\melin\\source\\repos\\UsingXUnitTest\\bin\\Debug\\net8.0\\fine-code-coverage\\build-output\\UsingXUnitTest.dll","CodeFilePath":null,"LineNumber":0,"Properties":[]}]}}
TpTrace Verbose: 0 : 40012, 12, 2024/05/16, 17:46:35.290, 1376548207432, vstest.console.dll, TestRunRequest:SendTestRunStatsChange: Starting.
TpTrace Verbose: 0 : 40012, 12, 2024/05/16, 17:46:35.290, 1376548209018, vstest.console.dll, InProgress is UsingXUnitTest.StringOperationTest.TruncateString_Exception
TpTrace Verbose: 0 : 40012, 12, 2024/05/16, 17:46:35.290, 1376548211132, vstest.console.dll, MulticastDelegateUtilities.SafeInvoke: TestRun.RunStatsChanged: Invoking callbacks was skipped because there are no subscribers.
TpTrace Information: 0 : 40012, 12, 2024/05/16, 17:46:35.290, 1376548211641, vstest.console.dll, TestRunRequest:SendTestRunStatsChange: Completed.
TpTrace Verbose: 0 : 40012, 12, 2024/05/16, 17:46:35.290, 1376548212049, vstest.console.dll, MulticastDelegateUtilities.SafeInvoke: LengthPrefixCommunicationChannel: MessageReceived: Invoking callback 1/1 for Microsoft.VisualStudio.TestPlatform.CommunicationUtilities.TestRequestSender+<>c__DisplayClass34_0., took 17 ms.
TpTrace Verbose: 0 : 40012, 12, 2024/05/16, 17:46:35.290, 1376548212447, vstest.console.dll, TcpClientExtensions.MessageLoopAsync: Polling on remoteEndPoint: 127.0.0.1:50620 localEndPoint: 127.0.0.1:50619 after 135 ms
TpTrace Verbose: 0 : 40012, 4, 2024/05/16, 17:46:35.292, 1376548228760, vstest.console.dll, MulticastDelegateUtilities.SafeInvoke: InternalTestLoggerEvents.SendTestResult: Invoking callback 1/1 for Microsoft.VisualStudio.TestPlatform.CommandLine.Internal.ConsoleLogger., took 1 ms.
TpTrace Verbose: 0 : 40012, 4, 2024/05/16, 17:46:35.292, 1376548231312, vstest.console.dll, MulticastDelegateUtilities.SafeInvoke: InternalTestLoggerEvents.SendTestResult: Invoking callback 1/1 for Microsoft.VisualStudio.TestPlatform.CommandLine.Internal.ConsoleLogger., took 0 ms.
TpTrace Verbose: 0 : 40012, 4, 2024/05/16, 17:46:35.292, 1376548231875, vstest.console.dll, MulticastDelegateUtilities.SafeInvoke: InternalTestLoggerEvents.SendTestResult: Invoking callback 1/1 for Microsoft.VisualStudio.TestPlatform.CommandLine.Internal.ConsoleLogger., took 0 ms.
TpTrace Verbose: 0 : 40012, 4, 2024/05/16, 17:46:35.292, 1376548232070, vstest.console.dll, MulticastDelegateUtilities.SafeInvoke: InternalTestLoggerEvents.SendTestResult: Invoking callback 1/1 for Microsoft.VisualStudio.TestPlatform.CommandLine.Internal.ConsoleLogger., took 0 ms.
TpTrace Verbose: 0 : 40012, 4, 2024/05/16, 17:46:35.292, 1376548232332, vstest.console.dll, MulticastDelegateUtilities.SafeInvoke: InternalTestLoggerEvents.SendTestResult: Invoking callback 1/1 for Microsoft.VisualStudio.TestPlatform.CommandLine.Internal.ConsoleLogger., took 0 ms.
TpTrace Verbose: 0 : 40012, 4, 2024/05/16, 17:46:35.292, 1376548232524, vstest.console.dll, MulticastDelegateUtilities.SafeInvoke: InternalTestLoggerEvents.SendTestResult: Invoking callback 1/1 for Microsoft.VisualStudio.TestPlatform.CommandLine.Internal.ConsoleLogger., took 0 ms.
TpTrace Verbose: 0 : 40012, 4, 2024/05/16, 17:46:35.292, 1376548232702, vstest.console.dll, MulticastDelegateUtilities.SafeInvoke: InternalTestLoggerEvents.SendTestResult: Invoking callback 1/1 for Microsoft.VisualStudio.TestPlatform.CommandLine.Internal.ConsoleLogger., took 0 ms.
TpTrace Verbose: 0 : 40012, 4, 2024/05/16, 17:46:35.292, 1376548232961, vstest.console.dll, MulticastDelegateUtilities.SafeInvoke: InternalTestLoggerEvents.SendTestResult: Invoking callback 1/1 for Microsoft.VisualStudio.TestPlatform.CommandLine.Internal.ConsoleLogger., took 0 ms.
TpTrace Verbose: 0 : 40012, 4, 2024/05/16, 17:46:35.293, 1376548238974, vstest.console.dll, MulticastDelegateUtilities.SafeInvoke: InternalTestLoggerEvents.SendTestResult: Invoking callback 1/1 for Microsoft.VisualStudio.TestPlatform.CommandLine.Internal.ConsoleLogger., took 0 ms.
TpTrace Verbose: 0 : 40012, 12, 2024/05/16, 17:46:35.342, 1376548733794, vstest.console.dll, TcpClientExtensions.MessageLoopAsync: NotifyDataAvailable remoteEndPoint: 127.0.0.1:50620 localEndPoint: 127.0.0.1:50619
TpTrace Verbose: 0 : 40012, 12, 2024/05/16, 17:46:35.342, 1376548735441, vstest.console.dll, TestRequestSender.OnExecutionMessageReceived: Received message: {"Version":7,"MessageType":"TestSession.Message","Payload":{"MessageLevel":1,"Message":"[xUnit.net 00:00:00.27]     UsingXUnitTest.StringOperationTest.ConcatenateString [SKIP]"}}
TpTrace Verbose: 0 : 40012, 12, 2024/05/16, 17:46:35.342, 1376548736371, vstest.console.dll, TestRunRequest:SendTestRunMessage: Starting.
TpTrace Verbose: 0 : 40012, 12, 2024/05/16, 17:46:35.342, 1376548736812, vstest.console.dll, MulticastDelegateUtilities.SafeInvoke: TestRun.LogMessages: Invoking callback 1/1 for Microsoft.VisualStudio.TestPlatform.CommandLine.TestRunResultAggregator., took 0 ms.
TpTrace Information: 0 : 40012, 12, 2024/05/16, 17:46:35.342, 1376548737008, vstest.console.dll, TestRunRequest:SendTestRunMessage: Completed.
TpTrace Verbose: 0 : 40012, 12, 2024/05/16, 17:46:35.343, 1376548737173, vstest.console.dll, MulticastDelegateUtilities.SafeInvoke: LengthPrefixCommunicationChannel: MessageReceived: Invoking callback 1/1 for Microsoft.VisualStudio.TestPlatform.CommunicationUtilities.TestRequestSender+<>c__DisplayClass34_0., took 0 ms.
TpTrace Verbose: 0 : 40012, 12, 2024/05/16, 17:46:35.343, 1376548737354, vstest.console.dll, TcpClientExtensions.MessageLoopAsync: Polling on remoteEndPoint: 127.0.0.1:50620 localEndPoint: 127.0.0.1:50619 after 52 ms
TpTrace Verbose: 0 : 40012, 12, 2024/05/16, 17:46:35.343, 1376548738164, vstest.console.dll, TcpClientExtensions.MessageLoopAsync: NotifyDataAvailable remoteEndPoint: 127.0.0.1:50620 localEndPoint: 127.0.0.1:50619
TpTrace Verbose: 0 : 40012, 4, 2024/05/16, 17:46:35.343, 1376548738130, vstest.console.dll, MulticastDelegateUtilities.SafeInvoke: InternalTestLoggerEvents.SendTestRunMessage: Invoking callback 1/1 for Microsoft.VisualStudio.TestPlatform.CommandLine.Internal.ConsoleLogger., took 0 ms.
TpTrace Verbose: 0 : 40012, 12, 2024/05/16, 17:46:35.343, 1376548738575, vstest.console.dll, TestRequestSender.OnExecutionMessageReceived: Received message: {"Version":7,"MessageType":"TestSession.Message","Payload":{"MessageLevel":0,"Message":"[xUnit.net 00:00:00.27]       Esta prueba no es vlida en este momento. Ticket-001"}}
TpTrace Verbose: 0 : 40012, 12, 2024/05/16, 17:46:35.343, 1376548739059, vstest.console.dll, TestRunRequest:SendTestRunMessage: Starting.
TpTrace Verbose: 0 : 40012, 12, 2024/05/16, 17:46:35.343, 1376548739353, vstest.console.dll, MulticastDelegateUtilities.SafeInvoke: TestRun.LogMessages: Invoking callback 1/1 for Microsoft.VisualStudio.TestPlatform.CommandLine.TestRunResultAggregator., took 0 ms.
TpTrace Information: 0 : 40012, 12, 2024/05/16, 17:46:35.343, 1376548739531, vstest.console.dll, TestRunRequest:SendTestRunMessage: Completed.
TpTrace Verbose: 0 : 40012, 12, 2024/05/16, 17:46:35.343, 1376548739716, vstest.console.dll, MulticastDelegateUtilities.SafeInvoke: LengthPrefixCommunicationChannel: MessageReceived: Invoking callback 1/1 for Microsoft.VisualStudio.TestPlatform.CommunicationUtilities.TestRequestSender+<>c__DisplayClass34_0., took 0 ms.
TpTrace Verbose: 0 : 40012, 12, 2024/05/16, 17:46:35.343, 1376548739890, vstest.console.dll, TcpClientExtensions.MessageLoopAsync: Polling on remoteEndPoint: 127.0.0.1:50620 localEndPoint: 127.0.0.1:50619 after 0 ms
TpTrace Verbose: 0 : 40012, 4, 2024/05/16, 17:46:35.343, 1376548739851, vstest.console.dll, MulticastDelegateUtilities.SafeInvoke: InternalTestLoggerEvents.SendTestRunMessage: Invoking callback 1/1 for Microsoft.VisualStudio.TestPlatform.CommandLine.Internal.ConsoleLogger., took 0 ms.
TpTrace Verbose: 0 : 40012, 12, 2024/05/16, 17:46:35.348, 1376548795875, vstest.console.dll, TcpClientExtensions.MessageLoopAsync: NotifyDataAvailable remoteEndPoint: 127.0.0.1:50620 localEndPoint: 127.0.0.1:50619
TpTrace Verbose: 0 : 40012, 12, 2024/05/16, 17:46:35.349, 1376548797463, vstest.console.dll, TestRequestSender.OnExecutionMessageReceived: Received message: {"Version":7,"MessageType":"TestSession.Message","Payload":{"MessageLevel":0,"Message":"[xUnit.net 00:00:00.28]   Finished:    UsingXUnitTest"}}
TpTrace Verbose: 0 : 40012, 12, 2024/05/16, 17:46:35.349, 1376548798409, vstest.console.dll, TestRunRequest:SendTestRunMessage: Starting.
TpTrace Verbose: 0 : 40012, 12, 2024/05/16, 17:46:35.349, 1376548798781, vstest.console.dll, MulticastDelegateUtilities.SafeInvoke: TestRun.LogMessages: Invoking callback 1/1 for Microsoft.VisualStudio.TestPlatform.CommandLine.TestRunResultAggregator., took 0 ms.
TpTrace Information: 0 : 40012, 12, 2024/05/16, 17:46:35.349, 1376548798969, vstest.console.dll, TestRunRequest:SendTestRunMessage: Completed.
TpTrace Verbose: 0 : 40012, 12, 2024/05/16, 17:46:35.349, 1376548799126, vstest.console.dll, MulticastDelegateUtilities.SafeInvoke: LengthPrefixCommunicationChannel: MessageReceived: Invoking callback 1/1 for Microsoft.VisualStudio.TestPlatform.CommunicationUtilities.TestRequestSender+<>c__DisplayClass34_0., took 0 ms.
TpTrace Verbose: 0 : 40012, 4, 2024/05/16, 17:46:35.349, 1376548799179, vstest.console.dll, MulticastDelegateUtilities.SafeInvoke: InternalTestLoggerEvents.SendTestRunMessage: Invoking callback 1/1 for Microsoft.VisualStudio.TestPlatform.CommandLine.Internal.ConsoleLogger., took 0 ms.
TpTrace Verbose: 0 : 40012, 12, 2024/05/16, 17:46:35.349, 1376548799321, vstest.console.dll, TcpClientExtensions.MessageLoopAsync: Polling on remoteEndPoint: 127.0.0.1:50620 localEndPoint: 127.0.0.1:50619 after 5 ms
TpTrace Verbose: 0 : 40012, 12, 2024/05/16, 17:46:35.358, 1376548891505, vstest.console.dll, TcpClientExtensions.MessageLoopAsync: NotifyDataAvailable remoteEndPoint: 127.0.0.1:50620 localEndPoint: 127.0.0.1:50619
TpTrace Verbose: 0 : 40012, 12, 2024/05/16, 17:46:35.358, 1376548893968, vstest.console.dll, TestRequestSender.OnExecutionMessageReceived: Received message: {"Version":7,"MessageType":"TestExecution.Completed","Payload":{"TestRunCompleteArgs":{"TestRunStatistics":{"ExecutedTests":17,"Stats":{"Passed":16,"Skipped":1}},"IsCanceled":false,"IsAborted":false,"Error":null,"AttachmentSets":[],"InvokedDataCollectors":[],"ElapsedTimeInRunningTests":"00:00:00.2892208","Metrics":{},"DiscoveredExtensions":{"TestDiscoverers":["Xunit.Runner.VisualStudio.VsTestRunner, xunit.runner.visualstudio.dotnetcore.testadapter, Version=2.5.0.0, Culture=neutral, PublicKeyToken=null"],"TestExecutors":["executor://xunit/VsTestRunner2/netcoreapp"],"TestExecutors2":[],"TestSettingsProviders":[]}},"LastRunTests":{"NewTestResults":[{"TestCase":{"Id":"bcd3bfda-07c5-d653-b237-72a14303d11b","FullyQualifiedName":"UsingXUnitTest.StringOperationTest.TruncateString_Exception","DisplayName":"UsingXUnitTest.StringOperationTest.TruncateString_Exception","ExecutorUri":"executor://xunit/VsTestRunner2/netcoreapp","Source":"C:\\Users\\melin\\source\\repos\\UsingXUnitTest\\bin\\Debug\\net8.0\\fine-code-coverage\\build-output\\UsingXUnitTest.dll","CodeFilePath":null,"LineNumber":0,"Properties":[]},"Attachments":[],"Outcome":1,"ErrorMessage":null,"ErrorStackTrace":null,"DisplayName":"UsingXUnitTest.StringOperationTest.TruncateString_Exception","Messages":[],"ComputerName":"MELYGON","Duration":"00:00:00.0001845","StartTime":"2024-05-16T20:46:35.2736595+00:00","EndTime":"2024-05-16T20:46:35.2736595+00:00","Properties":[]},{"TestCase":{"Id":"e5bf10af-6bc7-d409-5ade-750b2b1494b2","FullyQualifiedName":"UsingXUnitTest.StringOperationTest.IsPalindrome_True","DisplayName":"UsingXUnitTest.StringOperationTest.IsPalindrome_True","ExecutorUri":"executor://xunit/VsTestRunner2/netcoreapp","Source":"C:\\Users\\melin\\source\\repos\\UsingXUnitTest\\bin\\Debug\\net8.0\\fine-code-coverage\\build-output\\UsingXUnitTest.dll","CodeFilePath":null,"LineNumber":0,"Properties":[]},"Attachments":[],"Outcome":1,"ErrorMessage":null,"ErrorStackTrace":null,"DisplayName":"UsingXUnitTest.StringOperationTest.IsPalindrome_True","Messages":[],"ComputerName":"MELYGON","Duration":"00:00:00.0002755","StartTime":"2024-05-16T20:46:35.2764577+00:00","EndTime":"2024-05-16T20:46:35.2764578+00:00","Properties":[]},{"TestCase":{"Id":"5a0e6909-420c-080d-224a-d5e5453991f4","FullyQualifiedName":"UsingXUnitTest.StringOperationTest.IsPalindrome_False","DisplayName":"UsingXUnitTest.StringOperationTest.IsPalindrome_False","ExecutorUri":"executor://xunit/VsTestRunner2/netcoreapp","Source":"C:\\Users\\melin\\source\\repos\\UsingXUnitTest\\bin\\Debug\\net8.0\\fine-code-coverage\\build-output\\UsingXUnitTest.dll","CodeFilePath":null,"LineNumber":0,"Properties":[]},"Attachments":[],"Outcome":1,"ErrorMessage":null,"ErrorStackTrace":null,"DisplayName":"UsingXUnitTest.StringOperationTest.IsPalindrome_False","Messages":[],"ComputerName":"MELYGON","Duration":"00:00:00.0000887","StartTime":"2024-05-16T20:46:35.2794068+00:00","EndTime":"2024-05-16T20:46:35.2794069+00:00","Properties":[]},{"TestCase":{"Id":"2b19efff-4d31-9834-13ac-77cce68330d2","FullyQualifiedName":"UsingXUnitTest.StringOperationTest.QuantityInWords","DisplayName":"UsingXUnitTest.StringOperationTest.QuantityInWords","ExecutorUri":"executor://xunit/VsTestRunner2/netcoreapp","Source":"C:\\Users\\melin\\source\\repos\\UsingXUnitTest\\bin\\Debug\\net8.0\\fine-code-coverage\\build-output\\UsingXUnitTest.dll","CodeFilePath":null,"LineNumber":0,"Properties":[]},"Attachments":[],"Outcome":1,"ErrorMessage":null,"ErrorStackTrace":null,"DisplayName":"UsingXUnitTest.StringOperationTest.QuantityInWords","Messages":[],"ComputerName":"MELYGON","Duration":"00:00:00.0812949","StartTime":"2024-05-16T20:46:35.3392259+00:00","EndTime":"2024-05-16T20:46:35.3392263+00:00","Properties":[]},{"TestCase":{"Id":"ea957153-7bba-e5df-d950-169a04d8020b","FullyQualifiedName":"UsingXUnitTest.StringOperationTest.ConcatenateString","DisplayName":"UsingXUnitTest.StringOperationTest.ConcatenateString","ExecutorUri":"executor://xunit/VsTestRunner2/netcoreapp","Source":"C:\\Users\\melin\\source\\repos\\UsingXUnitTest\\bin\\Debug\\net8.0\\fine-code-coverage\\build-output\\UsingXUnitTest.dll","CodeFilePath":null,"LineNumber":0,"Properties":[]},"Attachments":[],"Outcome":3,"ErrorMessage":"Esta prueba no es vlida en este momento. Ticket-001","ErrorStackTrace":null,"DisplayName":"UsingXUnitTest.StringOperationTest.ConcatenateString","Messages":[],"ComputerName":"MELYGON","Duration":"00:00:00.0010000","StartTime":"2024-05-16T20:46:35.342971+00:00","EndTime":"2024-05-16T20:46:35.3429711+00:00","Properties":[]},{"TestCase":{"Id":"cdb84360-e5c0-a05b-fd68-ec2a29817af9","FullyQualifiedName":"UsingXUnitTest.StringOperationTest.ReverseString","DisplayName":"UsingXUnitTest.StringOperationTest.ReverseString(str: \"teoria\", expected: \"airoet\")","ExecutorUri":"executor://xunit/VsTestRunner2/netcoreapp","Source":"C:\\Users\\melin\\source\\repos\\UsingXUnitTest\\bin\\Debug\\net8.0\\fine-code-coverage\\build-output\\UsingXUnitTest.dll","CodeFilePath":null,"LineNumber":0,"Properties":[]},"Attachments":[],"Outcome":1,"ErrorMessage":null,"ErrorStackTrace":null,"DisplayName":"UsingXUnitTest.StringOperationTest.ReverseString(str: \"teoria\", expected: \"airoet\")","Messages":[],"ComputerName":"MELYGON","Duration":"00:00:00.0000871","StartTime":"2024-05-16T20:46:35.3447609+00:00","EndTime":"2024-05-16T20:46:35.3447609+00:00","Properties":[]},{"TestCase":{"Id":"8cd68146-1916-8d53-dbc2-7c908c6c0159","FullyQualifiedName":"UsingXUnitTest.StringOperationTest.ReverseString","DisplayName":"UsingXUnitTest.StringOperationTest.ReverseString(str: \"Casa\", expected: \"asaC\")","ExecutorUri":"executor://xunit/VsTestRunner2/netcoreapp","Source":"C:\\Users\\melin\\source\\repos\\UsingXUnitTest\\bin\\Debug\\net8.0\\fine-code-coverage\\build-output\\UsingXUnitTest.dll","CodeFilePath":null,"LineNumber":0,"Properties":[]},"Attachments":[],"Outcome":1,"ErrorMessage":null,"ErrorStackTrace":null,"DisplayName":"UsingXUnitTest.StringOperationTest.ReverseString(str: \"Casa\", expected: \"asaC\")","Messages":[],"ComputerName":"MELYGON","Duration":"00:00:00.0001291","StartTime":"2024-05-16T20:46:35.3462042+00:00","EndTime":"2024-05-16T20:46:35.3462042+00:00","Properties":[]},{"TestCase":{"Id":"f4723cb6-2b2f-de16-5d88-cc973c0bbede","FullyQualifiedName":"UsingXUnitTest.StringOperationTest.RemoveWhiteSpace","DisplayName":"UsingXUnitTest.StringOperationTest.RemoveWhiteSpace","ExecutorUri":"executor://xunit/VsTestRunner2/netcoreapp","Source":"C:\\Users\\melin\\source\\repos\\UsingXUnitTest\\bin\\Debug\\net8.0\\fine-code-coverage\\build-output\\UsingXUnitTest.dll","CodeFilePath":null,"LineNumber":0,"Properties":[]},"Attachments":[],"Outcome":1,"ErrorMessage":null,"ErrorStackTrace":null,"DisplayName":"UsingXUnitTest.StringOperationTest.RemoveWhiteSpace","Messages":[],"ComputerName":"MELYGON","Duration":"00:00:00.0004814","StartTime":"2024-05-16T20:46:35.3474017+00:00","EndTime":"2024-05-16T20:46:35.3474018+00:00","Properties":[]}],"TestRunStatistics":{"ExecutedTests":17,"Stats":{"Passed":16,"Skipped":1}},"ActiveTests":[]},"RunAttachments":[],"ExecutorUris":["executor://xunit/VsTestRunner2/netcoreapp"]}}
TpTrace Verbose: 0 : 40012, 12, 2024/05/16, 17:46:35.358, 1376548894961, vstest.console.dll, TestRequestSender.EndSession: Sending end session.
TpTrace Verbose: 0 : 40012, 12, 2024/05/16, 17:46:35.358, 1376548896365, vstest.console.dll, ProxyOperationManager.Close: waiting for test host to exit for 100 ms
TpTrace Verbose: 0 : 40012, 11, 2024/05/16, 17:46:35.388, 1376549189679, vstest.console.dll, TestHostManagerCallbacks.ctor: Experimental forwarding output is disabled.
TpTrace Warning: 0 : 40012, 11, 2024/05/16, 17:46:35.388, 1376549190957, vstest.console.dll, TestHostManagerCallbacks.ErrorReceivedCallback Test host standard error line: 
TpTrace Verbose: 0 : 40012, 11, 2024/05/16, 17:46:35.395, 1376549262389, vstest.console.dll, TestHostProvider.ExitCallBack: Host exited starting callback.
TpTrace Information: 0 : 40012, 11, 2024/05/16, 17:46:35.395, 1376549263810, vstest.console.dll, TestHostManagerCallbacks.ExitCallBack: Testhost processId: 34112 exited with exitcode: 0 error: ''
TpTrace Verbose: 0 : 40012, 11, 2024/05/16, 17:46:35.395, 1376549264104, vstest.console.dll, DotnetTestHostManager.OnHostExited: invoking OnHostExited callback
TpTrace Verbose: 0 : 40012, 11, 2024/05/16, 17:46:35.395, 1376549264464, vstest.console.dll, CrossPlatEngine.TestHostManagerHostExited: calling on client process exit callback.
TpTrace Information: 0 : 40012, 11, 2024/05/16, 17:46:35.395, 1376549264795, vstest.console.dll, TestRequestSender.OnClientProcessExit: Test host process exited. Standard error: 
TpTrace Information: 0 : 40012, 11, 2024/05/16, 17:46:35.395, 1376549265054, vstest.console.dll, SocketServer.Stop: Stop server endPoint: 127.0.0.1:50619
TpTrace Information: 0 : 40012, 11, 2024/05/16, 17:46:35.395, 1376549265329, vstest.console.dll, SocketServer.Stop: Cancellation requested. Stopping message loop.
TpTrace Information: 0 : 40012, 12, 2024/05/16, 17:46:35.395, 1376549265874, vstest.console.dll, SocketServer.Stop: Stop server endPoint: 127.0.0.1:50619
TpTrace Verbose: 0 : 40012, 11, 2024/05/16, 17:46:35.395, 1376549265957, vstest.console.dll, MulticastDelegateUtilities.SafeInvoke: HostProviderEvents.OnHostExited: Invoking callback 1/1 for Microsoft.VisualStudio.TestPlatform.CrossPlatEngine.Client.ProxyOperationManager., took 0 ms.
TpTrace Information: 0 : 40012, 12, 2024/05/16, 17:46:35.395, 1376549266740, vstest.console.dll, SocketServer.Stop: Cancellation requested. Stopping message loop.
TpTrace Information: 0 : 40012, 12, 2024/05/16, 17:46:35.396, 1376549268216, vstest.console.dll, Closing the connection
TpTrace Verbose: 0 : 40012, 12, 2024/05/16, 17:46:35.396, 1376549270338, vstest.console.dll, ProxyDataCollectionManager.InvokeDataCollectionServiceAction: Starting.
TpTrace Information: 0 : 40012, 12, 2024/05/16, 17:46:35.396, 1376549270814, vstest.console.dll, ProxyDataCollectionManager.AfterTestRunEnd: Get attachment set and invoked data collectors processId: 2364 port: 50616
TpTrace Verbose: 0 : 40012, 12, 2024/05/16, 17:46:35.396, 1376549271358, vstest.console.dll, DataCollectionRequestSender.SendAfterTestRunStartAndGetResult: Send AfterTestRunEnd message with isCancelled: False
TpTrace Verbose: 0 : 40012, 12, 2024/05/16, 17:46:35.400, 1376549308123, vstest.console.dll, DataCollectionRequestSender.SendAfterTestRunStartAndGetResult: Received message: (DataCollection.AfterTestRunEndResult) -> {"MessageType":"DataCollection.AfterTestRunEndResult","Payload":{"AttachmentSets":[],"InvokedDataCollectors":[{"Uri":"datacollector://Microsoft/TestPlatform/Extensions/Blame/v1","FriendlyName":"Blame","AssemblyQualifiedName":"Microsoft.TestPlatform.Extensions.BlameDataCollector.BlameCollector, Microsoft.TestPlatform.Extensions.BlameDataCollector, Version=15.0.0.0, Culture=neutral, PublicKeyToken=b03f5f7f11d50a3a","FilePath":"C:\\Program Files\\dotnet\\sdk\\8.0.202\\Extensions\\Microsoft.TestPlatform.Extensions.BlameDataCollector.dll","HasAttachmentProcessor":false}],"Metrics":{}}}
TpTrace Information: 0 : 40012, 12, 2024/05/16, 17:46:35.403, 1376549341833, vstest.console.dll, ProxyDataCollectionManager.InvokeDataCollectionServiceAction: Completed.
TpTrace Warning: 0 : 40012, 10, 2024/05/16, 17:46:35.404, 1376549352219, vstest.console.dll, DataCollectionLauncher.ErrorReceivedCallback datacollector standard error line: 
TpTrace Information: 0 : 40012, 10, 2024/05/16, 17:46:35.410, 1376549413535, vstest.console.dll, DataCollectionLauncher.ExitCallBack: Data collector exited with exitcode: 0 error: ''
TpTrace Verbose: 0 : 40012, 12, 2024/05/16, 17:46:35.427, 1376549579521, vstest.console.dll, TestRunRequest:SendTestRunStatsChange: Starting.
TpTrace Verbose: 0 : 40012, 12, 2024/05/16, 17:46:35.427, 1376549580821, vstest.console.dll, MulticastDelegateUtilities.SafeInvoke: TestRun.RunStatsChanged: Invoking callbacks was skipped because there are no subscribers.
TpTrace Information: 0 : 40012, 12, 2024/05/16, 17:46:35.427, 1376549581207, vstest.console.dll, TestRunRequest:SendTestRunStatsChange: Completed.
TpTrace Verbose: 0 : 40012, 4, 2024/05/16, 17:46:35.427, 1376549582392, vstest.console.dll, MulticastDelegateUtilities.SafeInvoke: InternalTestLoggerEvents.SendTestResult: Invoking callback 1/1 for Microsoft.VisualStudio.TestPlatform.CommandLine.Internal.ConsoleLogger., took 0 ms.
TpTrace Verbose: 0 : 40012, 12, 2024/05/16, 17:46:35.427, 1376549582974, vstest.console.dll, ParallelProxyExecutionManager: HandlePartialRunComplete: Total workloads = 1, Total started clients = 1 Total completed clients = 1, Run complete = True, Run canceled: False.
TpTrace Verbose: 0 : 40012, 4, 2024/05/16, 17:46:35.427, 1376549583044, vstest.console.dll, MulticastDelegateUtilities.SafeInvoke: InternalTestLoggerEvents.SendTestResult: Invoking callback 1/1 for Microsoft.VisualStudio.TestPlatform.CommandLine.Internal.ConsoleLogger., took 0 ms.
TpTrace Verbose: 0 : 40012, 12, 2024/05/16, 17:46:35.427, 1376549583300, vstest.console.dll, ParallelProxyExecutionManager: HandlePartialRunComplete: All runs completed stopping all managers.
TpTrace Verbose: 0 : 40012, 4, 2024/05/16, 17:46:35.427, 1376549583349, vstest.console.dll, MulticastDelegateUtilities.SafeInvoke: InternalTestLoggerEvents.SendTestResult: Invoking callback 1/1 for Microsoft.VisualStudio.TestPlatform.CommandLine.Internal.ConsoleLogger., took 0 ms.
TpTrace Verbose: 0 : 40012, 12, 2024/05/16, 17:46:35.427, 1376549583558, vstest.console.dll, ParallelOperationManager.StopAllManagers: Stopping all managers.
TpTrace Verbose: 0 : 40012, 4, 2024/05/16, 17:46:35.427, 1376549583752, vstest.console.dll, MulticastDelegateUtilities.SafeInvoke: InternalTestLoggerEvents.SendTestResult: Invoking callback 1/1 for Microsoft.VisualStudio.TestPlatform.CommandLine.Internal.ConsoleLogger., took 0 ms.
TpTrace Verbose: 0 : 40012, 12, 2024/05/16, 17:46:35.427, 1376549583843, vstest.console.dll, ParallelOperationManager.ClearSlots: Clearing all slots. Slots should accept more work: False
TpTrace Verbose: 0 : 40012, 12, 2024/05/16, 17:46:35.427, 1376549584120, vstest.console.dll, ParallelOperationManager.SetOccupiedSlotCount: Setting slot counts AvailableSlotCount = 1, OccupiedSlotCount = 0.
TpTrace Verbose: 0 : 40012, 12, 2024/05/16, 17:46:35.427, 1376549584397, vstest.console.dll, Occupied slots:

TpTrace Verbose: 0 : 40012, 4, 2024/05/16, 17:46:35.427, 1376549584917, vstest.console.dll, MulticastDelegateUtilities.SafeInvoke: InternalTestLoggerEvents.SendTestResult: Invoking callback 1/1 for Microsoft.VisualStudio.TestPlatform.CommandLine.Internal.ConsoleLogger., took 0 ms.
TpTrace Verbose: 0 : 40012, 4, 2024/05/16, 17:46:35.427, 1376549585265, vstest.console.dll, MulticastDelegateUtilities.SafeInvoke: InternalTestLoggerEvents.SendTestResult: Invoking callback 1/1 for Microsoft.VisualStudio.TestPlatform.CommandLine.Internal.ConsoleLogger., took 0 ms.
TpTrace Verbose: 0 : 40012, 4, 2024/05/16, 17:46:35.427, 1376549585453, vstest.console.dll, MulticastDelegateUtilities.SafeInvoke: InternalTestLoggerEvents.SendTestResult: Invoking callback 1/1 for Microsoft.VisualStudio.TestPlatform.CommandLine.Internal.ConsoleLogger., took 0 ms.
TpTrace Verbose: 0 : 40012, 4, 2024/05/16, 17:46:35.427, 1376549585620, vstest.console.dll, MulticastDelegateUtilities.SafeInvoke: InternalTestLoggerEvents.SendTestResult: Invoking callback 1/1 for Microsoft.VisualStudio.TestPlatform.CommandLine.Internal.ConsoleLogger., took 0 ms.
TpTrace Verbose: 0 : 40012, 4, 2024/05/16, 17:46:35.432, 1376549636017, vstest.console.dll, MulticastDelegateUtilities.SafeInvoke: InternalTestLoggerEvents.SendTestRunComplete: Invoking callback 1/2 for Microsoft.TestPlatform.Extensions.BlameDataCollector.BlameLogger., took 0 ms.
TpTrace Verbose: 0 : 40012, 4, 2024/05/16, 17:46:35.436, 1376549676403, vstest.console.dll, MulticastDelegateUtilities.SafeInvoke: InternalTestLoggerEvents.SendTestRunComplete: Invoking callback 2/2 for Microsoft.VisualStudio.TestPlatform.CommandLine.Internal.ConsoleLogger., took 3 ms.
TpTrace Verbose: 0 : 40012, 12, 2024/05/16, 17:46:35.437, 1376549682211, vstest.console.dll, TestRunRequest:TestRunComplete: Starting. IsAborted:False IsCanceled:False.
TpTrace Verbose: 0 : 40012, 12, 2024/05/16, 17:46:35.437, 1376549683455, vstest.console.dll, ParallelOperationManager.DoActionOnAllManagers: Calling an action on all managers.
TpTrace Verbose: 0 : 40012, 12, 2024/05/16, 17:46:35.438, 1376549692558, vstest.console.dll, TestLoggerManager.HandleTestRunComplete: Ignoring as the object is disposed.
TpTrace Verbose: 0 : 40012, 12, 2024/05/16, 17:46:35.438, 1376549694043, vstest.console.dll, MulticastDelegateUtilities.SafeInvoke: TestRun.TestRunComplete: Invoking callback 1/2 for Microsoft.VisualStudio.TestPlatform.CommandLine.TestRunResultAggregator., took 0 ms.
TpTrace Verbose: 0 : 40012, 12, 2024/05/16, 17:46:35.438, 1376549694787, vstest.console.dll, MulticastDelegateUtilities.SafeInvoke: TestRun.TestRunComplete: Invoking callback 2/2 for Microsoft.VisualStudio.TestPlatform.CommandLine.Processors.RunTestsArgumentExecutor+TestRunRequestEventsRegistrar., took 0 ms.
TpTrace Information: 0 : 40012, 12, 2024/05/16, 17:46:35.438, 1376549695385, vstest.console.dll, TestRunRequest:TestRunComplete: Completed.
TpTrace Verbose: 0 : 40012, 12, 2024/05/16, 17:46:35.438, 1376549695661, vstest.console.dll, TestRequestSender.SetOperationComplete: Setting operation complete.
TpTrace Information: 0 : 40012, 12, 2024/05/16, 17:46:35.438, 1376549695834, vstest.console.dll, SocketServer.Stop: Stop server endPoint: 127.0.0.1:50619
TpTrace Information: 0 : 40012, 12, 2024/05/16, 17:46:35.438, 1376549695971, vstest.console.dll, SocketServer.Stop: Cancellation requested. Stopping message loop.
TpTrace Verbose: 0 : 40012, 12, 2024/05/16, 17:46:35.438, 1376549696168, vstest.console.dll, MulticastDelegateUtilities.SafeInvoke: LengthPrefixCommunicationChannel: MessageReceived: Invoking callback 1/1 for Microsoft.VisualStudio.TestPlatform.CommunicationUtilities.TestRequestSender+<>c__DisplayClass34_0., took 80 ms.
TpTrace Information: 0 : 40012, 12, 2024/05/16, 17:46:35.438, 1376549696396, vstest.console.dll, SocketServer.PrivateStop: Stopping server endPoint: 127.0.0.1:50619 error: 
TpTrace Verbose: 0 : 40012, 1, 2024/05/16, 17:46:35.438, 1376549696361, vstest.console.dll, TestRunRequest.Dispose: Starting.
TpTrace Information: 0 : 40012, 1, 2024/05/16, 17:46:35.439, 1376549697275, vstest.console.dll, TestRunRequest.Dispose: Completed.
TpTrace Information: 0 : 40012, 1, 2024/05/16, 17:46:35.439, 1376549697750, vstest.console.dll, TestRequestManager.RunTests: run tests completed.
TpTrace Information: 0 : 40012, 1, 2024/05/16, 17:46:35.439, 1376549698491, vstest.console.dll, RunTestsArgumentProcessor:Execute: Test run is completed.
TpTrace Verbose: 0 : 40012, 12, 2024/05/16, 17:46:35.439, 1376549699680, vstest.console.dll, LengthPrefixCommunicationChannel.Dispose: Dispose reader and writer.
TpTrace Information: 0 : 40012, 12, 2024/05/16, 17:46:35.439, 1376549700213, vstest.console.dll, SocketServer.Stop: Raise disconnected event endPoint: 127.0.0.1:50619 error: 
TpTrace Verbose: 0 : 40012, 12, 2024/05/16, 17:46:35.439, 1376549700719, vstest.console.dll, TestRequestSender: OnTestRunAbort: Operation is already complete. Skip error message.
TpTrace Verbose: 0 : 40012, 1, 2024/05/16, 17:46:35.439, 1376549700715, vstest.console.dll, Executor.Execute: Exiting with exit code of 0
TpTrace Verbose: 0 : 40012, 12, 2024/05/16, 17:46:35.439, 1376549700973, vstest.console.dll, MulticastDelegateUtilities.SafeInvoke: SocketServer: ClientDisconnected: Invoking callback 1/1 for Microsoft.VisualStudio.TestPlatform.CommunicationUtilities.TestRequestSender., took 0 ms.
TpTrace Verbose: 0 : 40012, 12, 2024/05/16, 17:46:35.439, 1376549703223, vstest.console.dll, TcpClientExtensions.MessageLoopAsync: exiting MessageLoopAsync remoteEndPoint: 127.0.0.1:50620 localEndPoint: 127.0.0.1:50619
